mode: set
github.com/yanolja/ogem/auth/auth.go:52.62,54.66 1 0
github.com/yanolja/ogem/auth/auth.go:54.66,55.44 1 0
github.com/yanolja/ogem/auth/auth.go:55.44,57.4 1 0
github.com/yanolja/ogem/auth/auth.go:61.2,62.18 2 0
github.com/yanolja/ogem/auth/auth.go:62.18,64.3 1 0
github.com/yanolja/ogem/auth/auth.go:66.2,71.3 1 0
github.com/yanolja/ogem/auth/auth.go:123.39,125.44 2 0
github.com/yanolja/ogem/auth/auth.go:125.44,127.3 1 0
github.com/yanolja/ogem/auth/auth.go:128.2,128.49 1 0
github.com/yanolja/ogem/auth/auth.go:131.38,133.44 2 0
github.com/yanolja/ogem/auth/auth.go:133.44,135.3 1 0
github.com/yanolja/ogem/auth/auth.go:136.2,136.48 1 0
github.com/yanolja/ogem/auth/enhanced_auth.go:81.32,90.23 2 0
github.com/yanolja/ogem/auth/enhanced_auth.go:90.23,92.3 1 0
github.com/yanolja/ogem/auth/enhanced_auth.go:95.2,95.52 1 0
github.com/yanolja/ogem/auth/enhanced_auth.go:95.52,97.17 2 0
github.com/yanolja/ogem/auth/enhanced_auth.go:97.17,99.4 1 0
github.com/yanolja/ogem/auth/enhanced_auth.go:100.3,100.40 1 0
github.com/yanolja/ogem/auth/enhanced_auth.go:103.2,103.21 1 0
github.com/yanolja/ogem/auth/enhanced_auth.go:107.89,109.22 2 0
github.com/yanolja/ogem/auth/enhanced_auth.go:109.22,111.3 1 0
github.com/yanolja/ogem/auth/enhanced_auth.go:113.2,114.21 2 0
github.com/yanolja/ogem/auth/enhanced_auth.go:114.21,116.3 1 0
github.com/yanolja/ogem/auth/enhanced_auth.go:118.2,121.16 3 0
github.com/yanolja/ogem/auth/enhanced_auth.go:122.16,123.40 1 0
github.com/yanolja/ogem/auth/enhanced_auth.go:124.15,125.63 1 0
github.com/yanolja/ogem/auth/enhanced_auth.go:126.10,127.74 1 0
github.com/yanolja/ogem/auth/enhanced_auth.go:132.102,134.47 1 0
github.com/yanolja/ogem/auth/enhanced_auth.go:134.47,146.3 1 0
github.com/yanolja/ogem/auth/enhanced_auth.go:149.2,149.25 1 0
github.com/yanolja/ogem/auth/enhanced_auth.go:149.25,150.67 1 0
github.com/yanolja/ogem/auth/enhanced_auth.go:150.67,166.4 1 0
github.com/yanolja/ogem/auth/enhanced_auth.go:170.2,170.62 1 0
github.com/yanolja/ogem/auth/enhanced_auth.go:170.62,171.83 1 0
github.com/yanolja/ogem/auth/enhanced_auth.go:171.83,184.4 1 0
github.com/yanolja/ogem/auth/enhanced_auth.go:187.2,187.41 1 0
github.com/yanolja/ogem/auth/enhanced_auth.go:191.95,192.45 1 0
github.com/yanolja/ogem/auth/enhanced_auth.go:192.45,194.3 1 0
github.com/yanolja/ogem/auth/enhanced_auth.go:197.2,197.57 1 0
github.com/yanolja/ogem/auth/enhanced_auth.go:197.57,198.30 1 0
github.com/yanolja/ogem/auth/enhanced_auth.go:198.30,199.23 1 0
github.com/yanolja/ogem/auth/enhanced_auth.go:199.23,201.5 1 0
github.com/yanolja/ogem/auth/enhanced_auth.go:206.2,206.69 1 0
github.com/yanolja/ogem/auth/enhanced_auth.go:206.69,207.36 1 0
github.com/yanolja/ogem/auth/enhanced_auth.go:207.36,208.19 1 0
github.com/yanolja/ogem/auth/enhanced_auth.go:208.19,210.5 1 0
github.com/yanolja/ogem/auth/enhanced_auth.go:211.4,211.26 1 0
github.com/yanolja/ogem/auth/enhanced_auth.go:211.26,213.5 1 0
github.com/yanolja/ogem/auth/enhanced_auth.go:216.4,216.37 1 0
github.com/yanolja/ogem/auth/enhanced_auth.go:216.37,218.46 2 0
github.com/yanolja/ogem/auth/enhanced_auth.go:218.46,220.6 1 0
github.com/yanolja/ogem/auth/enhanced_auth.go:225.2,225.14 1 0
github.com/yanolja/ogem/auth/enhanced_auth.go:229.83,230.45 1 0
github.com/yanolja/ogem/auth/enhanced_auth.go:230.45,232.3 1 0
github.com/yanolja/ogem/auth/enhanced_auth.go:234.2,234.57 1 0
github.com/yanolja/ogem/auth/enhanced_auth.go:234.57,235.27 1 0
github.com/yanolja/ogem/auth/enhanced_auth.go:235.27,236.17 1 0
github.com/yanolja/ogem/auth/enhanced_auth.go:236.17,238.5 1 0
github.com/yanolja/ogem/auth/enhanced_auth.go:241.2,241.14 1 0
github.com/yanolja/ogem/auth/enhanced_auth.go:245.161,246.25 1 0
github.com/yanolja/ogem/auth/enhanced_auth.go:246.25,248.3 1 0
github.com/yanolja/ogem/auth/enhanced_auth.go:250.2,250.102 1 0
github.com/yanolja/ogem/auth/enhanced_auth.go:254.141,255.25 1 0
github.com/yanolja/ogem/auth/enhanced_auth.go:255.25,257.3 1 0
github.com/yanolja/ogem/auth/enhanced_auth.go:259.2,259.90 1 0
github.com/yanolja/ogem/auth/enhanced_auth.go:263.80,264.28 1 0
github.com/yanolja/ogem/auth/enhanced_auth.go:264.28,266.3 1 0
github.com/yanolja/ogem/auth/enhanced_auth.go:268.2,269.52 2 0
github.com/yanolja/ogem/auth/enhanced_auth.go:273.115,274.28 1 0
github.com/yanolja/ogem/auth/enhanced_auth.go:274.28,276.3 1 0
github.com/yanolja/ogem/auth/enhanced_auth.go:279.2,280.16 2 0
github.com/yanolja/ogem/auth/enhanced_auth.go:280.16,282.3 1 0
github.com/yanolja/ogem/auth/enhanced_auth.go:285.2,286.16 2 0
github.com/yanolja/ogem/auth/enhanced_auth.go:286.16,288.3 1 0
github.com/yanolja/ogem/auth/enhanced_auth.go:291.2,301.16 3 0
github.com/yanolja/ogem/auth/enhanced_auth.go:301.16,303.3 1 0
github.com/yanolja/ogem/auth/enhanced_auth.go:305.2,305.49 1 0
github.com/yanolja/ogem/auth/enhanced_auth.go:309.83,310.54 1 0
github.com/yanolja/ogem/auth/enhanced_auth.go:310.54,311.55 1 0
github.com/yanolja/ogem/auth/enhanced_auth.go:311.55,313.18 2 0
github.com/yanolja/ogem/auth/enhanced_auth.go:313.18,317.5 3 0
github.com/yanolja/ogem/auth/enhanced_auth.go:320.4,321.41 2 0
github.com/yanolja/ogem/auth/enhanced_auth.go:327.107,328.54 1 0
github.com/yanolja/ogem/auth/enhanced_auth.go:328.54,329.55 1 0
github.com/yanolja/ogem/auth/enhanced_auth.go:329.55,331.18 2 0
github.com/yanolja/ogem/auth/enhanced_auth.go:331.18,335.5 3 0
github.com/yanolja/ogem/auth/enhanced_auth.go:337.4,337.50 1 0
github.com/yanolja/ogem/auth/enhanced_auth.go:337.50,341.5 3 0
github.com/yanolja/ogem/auth/enhanced_auth.go:343.4,343.24 1 0
github.com/yanolja/ogem/auth/enhanced_auth.go:349.95,350.54 1 0
github.com/yanolja/ogem/auth/enhanced_auth.go:350.54,351.55 1 0
github.com/yanolja/ogem/auth/enhanced_auth.go:351.55,353.18 2 0
github.com/yanolja/ogem/auth/enhanced_auth.go:353.18,357.5 3 0
github.com/yanolja/ogem/auth/enhanced_auth.go:359.4,359.38 1 0
github.com/yanolja/ogem/auth/enhanced_auth.go:359.38,363.5 3 0
github.com/yanolja/ogem/auth/enhanced_auth.go:365.4,365.24 1 0
github.com/yanolja/ogem/auth/enhanced_auth.go:371.69,373.25 1 0
github.com/yanolja/ogem/auth/enhanced_auth.go:373.25,376.3 2 0
github.com/yanolja/ogem/auth/enhanced_auth.go:379.2,379.28 1 0
github.com/yanolja/ogem/auth/enhanced_auth.go:379.28,381.3 1 0
github.com/yanolja/ogem/auth/enhanced_auth.go:385.75,387.9 2 0
github.com/yanolja/ogem/auth/enhanced_auth.go:387.9,389.3 1 0
github.com/yanolja/ogem/auth/enhanced_auth.go:390.2,390.21 1 0
github.com/yanolja/ogem/auth/enhanced_auth.go:394.122,396.41 2 0
github.com/yanolja/ogem/auth/enhanced_auth.go:396.41,399.3 1 0
github.com/yanolja/ogem/auth/enhanced_auth.go:401.2,402.48 2 0
github.com/yanolja/ogem/auth/enhanced_auth.go:402.48,405.3 1 0
github.com/yanolja/ogem/auth/enhanced_auth.go:407.2,408.30 2 0
github.com/yanolja/ogem/auth/enhanced_auth.go:408.30,411.3 1 0
github.com/yanolja/ogem/auth/enhanced_auth.go:413.2,413.32 1 0
github.com/yanolja/ogem/auth/enhanced_auth.go:413.32,415.3 1 0
github.com/yanolja/ogem/auth/enhanced_auth.go:417.2,417.84 1 0
github.com/yanolja/ogem/auth/enhanced_auth.go:421.54,434.2 1 0
github.com/yanolja/ogem/auth/jwt.go:59.78,64.2 1 0
github.com/yanolja/ogem/auth/jwt.go:67.150,104.28 5 0
github.com/yanolja/ogem/auth/jwt.go:105.15,107.41 2 0
github.com/yanolja/ogem/auth/jwt.go:108.15,110.41 2 0
github.com/yanolja/ogem/auth/jwt.go:111.10,112.81 1 0
github.com/yanolja/ogem/auth/jwt.go:115.2,119.16 4 0
github.com/yanolja/ogem/auth/jwt.go:119.16,121.3 1 0
github.com/yanolja/ogem/auth/jwt.go:123.2,124.16 2 0
github.com/yanolja/ogem/auth/jwt.go:124.16,126.3 1 0
github.com/yanolja/ogem/auth/jwt.go:128.2,128.51 1 0
github.com/yanolja/ogem/auth/jwt.go:132.76,133.107 1 0
github.com/yanolja/ogem/auth/jwt.go:133.107,135.29 1 0
github.com/yanolja/ogem/auth/jwt.go:136.16,137.58 1 0
github.com/yanolja/ogem/auth/jwt.go:137.58,139.5 1 0
github.com/yanolja/ogem/auth/jwt.go:140.4,140.40 1 0
github.com/yanolja/ogem/auth/jwt.go:141.16,142.59 1 0
github.com/yanolja/ogem/auth/jwt.go:142.59,144.5 1 0
github.com/yanolja/ogem/auth/jwt.go:145.4,145.35 1 0
github.com/yanolja/ogem/auth/jwt.go:146.11,147.79 1 0
github.com/yanolja/ogem/auth/jwt.go:151.2,151.16 1 0
github.com/yanolja/ogem/auth/jwt.go:151.16,153.3 1 0
github.com/yanolja/ogem/auth/jwt.go:155.2,155.18 1 0
github.com/yanolja/ogem/auth/jwt.go:155.18,157.3 1 0
github.com/yanolja/ogem/auth/jwt.go:159.2,160.9 2 0
github.com/yanolja/ogem/auth/jwt.go:160.9,162.3 1 0
github.com/yanolja/ogem/auth/jwt.go:165.2,165.38 1 0
github.com/yanolja/ogem/auth/jwt.go:165.38,167.3 1 0
github.com/yanolja/ogem/auth/jwt.go:169.2,170.38 2 0
github.com/yanolja/ogem/auth/jwt.go:170.38,171.31 1 0
github.com/yanolja/ogem/auth/jwt.go:171.31,173.9 2 0
github.com/yanolja/ogem/auth/jwt.go:176.2,176.20 1 0
github.com/yanolja/ogem/auth/jwt.go:176.20,178.3 1 0
github.com/yanolja/ogem/auth/jwt.go:180.2,180.20 1 0
github.com/yanolja/ogem/auth/jwt.go:184.136,186.16 2 0
github.com/yanolja/ogem/auth/jwt.go:186.16,188.3 1 0
github.com/yanolja/ogem/auth/jwt.go:191.2,192.16 2 0
github.com/yanolja/ogem/auth/jwt.go:192.16,194.3 1 0
github.com/yanolja/ogem/auth/jwt.go:196.2,196.25 1 0
github.com/yanolja/ogem/auth/jwt.go:200.79,203.22 2 0
github.com/yanolja/ogem/auth/jwt.go:203.22,205.63 2 0
github.com/yanolja/ogem/auth/jwt.go:205.63,207.4 1 0
github.com/yanolja/ogem/auth/jwt.go:211.2,212.38 2 0
github.com/yanolja/ogem/auth/jwt.go:212.38,214.3 1 0
github.com/yanolja/ogem/auth/jwt.go:217.2,218.17 2 0
github.com/yanolja/ogem/auth/jwt.go:218.17,220.3 1 0
github.com/yanolja/ogem/auth/jwt.go:222.2,222.52 1 0
github.com/yanolja/ogem/auth/jwt.go:226.76,227.54 1 0
github.com/yanolja/ogem/auth/jwt.go:227.54,229.17 2 0
github.com/yanolja/ogem/auth/jwt.go:229.17,232.4 2 0
github.com/yanolja/ogem/auth/jwt.go:234.3,235.17 2 0
github.com/yanolja/ogem/auth/jwt.go:235.17,238.4 2 0
github.com/yanolja/ogem/auth/jwt.go:241.3,242.40 2 0
github.com/yanolja/ogem/auth/jwt.go:247.68,249.9 2 0
github.com/yanolja/ogem/auth/jwt.go:249.9,251.3 1 0
github.com/yanolja/ogem/auth/jwt.go:252.2,252.20 1 0
github.com/yanolja/ogem/auth/jwt.go:276.74,277.33 1 0
github.com/yanolja/ogem/auth/jwt.go:277.33,280.3 2 0
github.com/yanolja/ogem/auth/jwt.go:282.2,283.66 2 0
github.com/yanolja/ogem/auth/jwt.go:283.66,286.3 2 0
github.com/yanolja/ogem/auth/jwt.go:290.2,292.17 3 0
github.com/yanolja/ogem/auth/jwt.go:292.17,294.3 1 0
github.com/yanolja/ogem/auth/jwt.go:297.2,301.16 4 0
github.com/yanolja/ogem/auth/jwt.go:301.16,305.3 3 0
github.com/yanolja/ogem/auth/jwt.go:307.2,315.37 3 0
github.com/yanolja/ogem/auth/jwt.go:319.76,320.33 1 0
github.com/yanolja/ogem/auth/jwt.go:320.33,323.3 2 0
github.com/yanolja/ogem/auth/jwt.go:325.2,326.68 2 0
github.com/yanolja/ogem/auth/jwt.go:326.68,329.3 2 0
github.com/yanolja/ogem/auth/jwt.go:332.2,336.16 4 0
github.com/yanolja/ogem/auth/jwt.go:336.16,340.3 3 0
github.com/yanolja/ogem/auth/jwt.go:342.2,349.37 3 0
github.com/yanolja/ogem/auth/jwt.go:353.106,356.2 1 0
github.com/yanolja/ogem/auth/jwt.go:359.36,367.2 1 0
github.com/yanolja/ogem/auth/memory.go:17.40,22.2 1 0
github.com/yanolja/ogem/auth/memory.go:24.94,29.16 4 0
github.com/yanolja/ogem/auth/memory.go:29.16,31.3 1 0
github.com/yanolja/ogem/auth/memory.go:33.2,34.16 2 0
github.com/yanolja/ogem/auth/memory.go:34.16,36.3 1 0
github.com/yanolja/ogem/auth/memory.go:38.2,61.17 4 0
github.com/yanolja/ogem/auth/memory.go:64.88,69.13 4 0
github.com/yanolja/ogem/auth/memory.go:69.13,71.3 1 0
github.com/yanolja/ogem/auth/memory.go:73.2,73.17 1 0
github.com/yanolja/ogem/auth/memory.go:76.98,81.13 4 0
github.com/yanolja/ogem/auth/memory.go:81.13,83.3 1 0
github.com/yanolja/ogem/auth/memory.go:85.2,86.13 2 0
github.com/yanolja/ogem/auth/memory.go:86.13,88.3 1 0
github.com/yanolja/ogem/auth/memory.go:90.2,90.17 1 0
github.com/yanolja/ogem/auth/memory.go:93.78,98.29 4 0
github.com/yanolja/ogem/auth/memory.go:98.29,100.3 1 0
github.com/yanolja/ogem/auth/memory.go:102.2,102.18 1 0
github.com/yanolja/ogem/auth/memory.go:105.123,110.13 4 0
github.com/yanolja/ogem/auth/memory.go:110.13,112.3 1 0
github.com/yanolja/ogem/auth/memory.go:114.2,114.46 1 0
github.com/yanolja/ogem/auth/memory.go:114.46,116.3 1 0
github.com/yanolja/ogem/auth/memory.go:117.2,117.60 1 0
github.com/yanolja/ogem/auth/memory.go:117.60,119.3 1 0
github.com/yanolja/ogem/auth/memory.go:120.2,120.52 1 0
github.com/yanolja/ogem/auth/memory.go:120.52,122.3 1 0
github.com/yanolja/ogem/auth/memory.go:123.2,123.57 1 0
github.com/yanolja/ogem/auth/memory.go:123.57,125.3 1 0
github.com/yanolja/ogem/auth/memory.go:126.2,126.61 1 0
github.com/yanolja/ogem/auth/memory.go:126.61,128.3 1 0
github.com/yanolja/ogem/auth/memory.go:129.2,129.52 1 0
github.com/yanolja/ogem/auth/memory.go:129.52,131.3 1 0
github.com/yanolja/ogem/auth/memory.go:132.2,132.65 1 0
github.com/yanolja/ogem/auth/memory.go:132.65,134.3 1 0
github.com/yanolja/ogem/auth/memory.go:135.2,135.61 1 0
github.com/yanolja/ogem/auth/memory.go:135.61,137.3 1 0
github.com/yanolja/ogem/auth/memory.go:138.2,138.53 1 0
github.com/yanolja/ogem/auth/memory.go:138.53,140.3 1 0
github.com/yanolja/ogem/auth/memory.go:142.2,142.17 1 0
github.com/yanolja/ogem/auth/memory.go:145.76,150.13 4 0
github.com/yanolja/ogem/auth/memory.go:150.13,152.3 1 0
github.com/yanolja/ogem/auth/memory.go:154.2,157.12 3 0
github.com/yanolja/ogem/auth/memory.go:160.114,162.16 2 0
github.com/yanolja/ogem/auth/memory.go:162.16,164.3 1 0
github.com/yanolja/ogem/auth/memory.go:166.2,166.19 1 0
github.com/yanolja/ogem/auth/memory.go:166.19,168.3 1 0
github.com/yanolja/ogem/auth/memory.go:170.2,170.62 1 0
github.com/yanolja/ogem/auth/memory.go:170.62,172.3 1 0
github.com/yanolja/ogem/auth/memory.go:174.2,174.25 1 0
github.com/yanolja/ogem/auth/memory.go:174.25,176.43 2 0
github.com/yanolja/ogem/auth/memory.go:176.43,177.78 1 0
github.com/yanolja/ogem/auth/memory.go:177.78,179.10 2 0
github.com/yanolja/ogem/auth/memory.go:182.3,182.15 1 0
github.com/yanolja/ogem/auth/memory.go:182.15,184.4 1 0
github.com/yanolja/ogem/auth/memory.go:187.2,187.80 1 0
github.com/yanolja/ogem/auth/memory.go:187.80,189.3 1 0
github.com/yanolja/ogem/auth/memory.go:191.2,191.66 1 0
github.com/yanolja/ogem/auth/memory.go:191.66,193.3 1 0
github.com/yanolja/ogem/auth/memory.go:195.2,195.17 1 0
github.com/yanolja/ogem/auth/memory.go:198.109,203.13 4 0
github.com/yanolja/ogem/auth/memory.go:203.13,205.3 1 0
github.com/yanolja/ogem/auth/memory.go:207.2,208.13 2 0
github.com/yanolja/ogem/auth/memory.go:208.13,210.3 1 0
github.com/yanolja/ogem/auth/memory.go:212.2,212.27 1 0
github.com/yanolja/ogem/auth/memory.go:212.27,214.3 1 0
github.com/yanolja/ogem/auth/memory.go:216.2,222.12 6 0
github.com/yanolja/ogem/auth/oauth2.go:61.132,64.36 2 0
github.com/yanolja/ogem/auth/oauth2.go:64.36,66.17 2 0
github.com/yanolja/ogem/auth/oauth2.go:66.17,68.4 1 0
github.com/yanolja/ogem/auth/oauth2.go:69.3,69.37 1 0
github.com/yanolja/ogem/auth/oauth2.go:72.2,76.8 1 0
github.com/yanolja/ogem/auth/oauth2.go:80.71,88.42 2 0
github.com/yanolja/ogem/auth/oauth2.go:89.16,91.36 2 0
github.com/yanolja/ogem/auth/oauth2.go:91.36,93.4 1 0
github.com/yanolja/ogem/auth/oauth2.go:94.19,96.36 2 0
github.com/yanolja/ogem/auth/oauth2.go:96.36,98.4 1 0
github.com/yanolja/ogem/auth/oauth2.go:99.16,104.36 2 0
github.com/yanolja/ogem/auth/oauth2.go:104.36,106.4 1 0
github.com/yanolja/ogem/auth/oauth2.go:107.17,108.52 1 0
github.com/yanolja/ogem/auth/oauth2.go:108.52,110.4 1 0
github.com/yanolja/ogem/auth/oauth2.go:111.3,114.4 1 0
github.com/yanolja/ogem/auth/oauth2.go:115.10,116.77 1 0
github.com/yanolja/ogem/auth/oauth2.go:119.2,119.26 1 0
github.com/yanolja/ogem/auth/oauth2.go:123.53,127.2 3 0
github.com/yanolja/ogem/auth/oauth2.go:130.76,132.13 2 0
github.com/yanolja/ogem/auth/oauth2.go:132.13,134.3 1 0
github.com/yanolja/ogem/auth/oauth2.go:136.2,136.65 1 0
github.com/yanolja/ogem/auth/oauth2.go:140.84,142.13 2 0
github.com/yanolja/ogem/auth/oauth2.go:142.13,144.3 1 0
github.com/yanolja/ogem/auth/oauth2.go:146.2,150.16 4 0
github.com/yanolja/ogem/auth/oauth2.go:150.16,152.3 1 0
github.com/yanolja/ogem/auth/oauth2.go:154.2,154.19 1 0
github.com/yanolja/ogem/auth/oauth2.go:158.100,160.13 2 0
github.com/yanolja/ogem/auth/oauth2.go:160.13,162.3 1 0
github.com/yanolja/ogem/auth/oauth2.go:164.2,170.35 5 0
github.com/yanolja/ogem/auth/oauth2.go:171.16,172.64 1 0
github.com/yanolja/ogem/auth/oauth2.go:173.19,174.54 1 0
github.com/yanolja/ogem/auth/oauth2.go:175.16,176.46 1 0
github.com/yanolja/ogem/auth/oauth2.go:177.10,179.83 1 0
github.com/yanolja/ogem/auth/oauth2.go:182.2,183.16 2 0
github.com/yanolja/ogem/auth/oauth2.go:183.16,185.3 1 0
github.com/yanolja/ogem/auth/oauth2.go:186.2,188.38 2 0
github.com/yanolja/ogem/auth/oauth2.go:188.38,190.3 1 0
github.com/yanolja/ogem/auth/oauth2.go:192.2,193.69 2 0
github.com/yanolja/ogem/auth/oauth2.go:193.69,195.3 1 0
github.com/yanolja/ogem/auth/oauth2.go:197.2,200.35 2 0
github.com/yanolja/ogem/auth/oauth2.go:201.16,202.30 1 0
github.com/yanolja/ogem/auth/oauth2.go:202.30,204.4 1 0
github.com/yanolja/ogem/auth/oauth2.go:205.19,206.30 1 0
github.com/yanolja/ogem/auth/oauth2.go:206.30,208.4 1 0
github.com/yanolja/ogem/auth/oauth2.go:211.2,211.23 1 0
github.com/yanolja/ogem/auth/oauth2.go:215.83,217.20 2 0
github.com/yanolja/ogem/auth/oauth2.go:217.20,220.3 2 0
github.com/yanolja/ogem/auth/oauth2.go:222.2,224.16 3 0
github.com/yanolja/ogem/auth/oauth2.go:224.16,228.3 3 0
github.com/yanolja/ogem/auth/oauth2.go:231.2,241.60 2 0
github.com/yanolja/ogem/auth/oauth2.go:245.86,247.20 2 0
github.com/yanolja/ogem/auth/oauth2.go:247.20,250.3 2 0
github.com/yanolja/ogem/auth/oauth2.go:253.2,255.46 3 0
github.com/yanolja/ogem/auth/oauth2.go:255.46,258.3 2 0
github.com/yanolja/ogem/auth/oauth2.go:261.2,269.64 2 0
github.com/yanolja/ogem/auth/oauth2.go:269.64,274.3 4 0
github.com/yanolja/ogem/auth/oauth2.go:277.2,278.16 2 0
github.com/yanolja/ogem/auth/oauth2.go:278.16,281.3 2 0
github.com/yanolja/ogem/auth/oauth2.go:283.2,284.16 2 0
github.com/yanolja/ogem/auth/oauth2.go:284.16,288.3 3 0
github.com/yanolja/ogem/auth/oauth2.go:291.2,292.16 2 0
github.com/yanolja/ogem/auth/oauth2.go:292.16,296.3 3 0
github.com/yanolja/ogem/auth/oauth2.go:299.2,314.16 5 0
github.com/yanolja/ogem/auth/oauth2.go:314.16,318.3 3 0
github.com/yanolja/ogem/auth/oauth2.go:321.2,329.37 3 0
github.com/yanolja/ogem/auth/oauth2.go:333.66,336.2 2 0
github.com/yanolja/ogem/auth/oauth2.go:339.107,348.16 3 0
github.com/yanolja/ogem/auth/oauth2.go:348.16,350.3 1 0
github.com/yanolja/ogem/auth/oauth2.go:352.2,352.22 1 0
