mode: set
github.com/yanolja/ogem/cache/api.go:21.83,26.2 1 0
github.com/yanolja/ogem/cache/api.go:29.57,58.2 15 0
github.com/yanolja/ogem/cache/api.go:61.76,64.2 2 0
github.com/yanolja/ogem/cache/api.go:67.82,72.13 4 0
github.com/yanolja/ogem/cache/api.go:72.13,75.3 2 0
github.com/yanolja/ogem/cache/api.go:77.2,82.43 2 0
github.com/yanolja/ogem/cache/api.go:86.73,87.49 1 0
github.com/yanolja/ogem/cache/api.go:87.49,91.3 3 0
github.com/yanolja/ogem/cache/api.go:93.2,98.43 2 0
github.com/yanolja/ogem/cache/api.go:102.79,105.63 2 0
github.com/yanolja/ogem/cache/api.go:105.63,109.3 3 0
github.com/yanolja/ogem/cache/api.go:111.2,117.43 2 0
github.com/yanolja/ogem/cache/api.go:121.77,124.2 2 0
github.com/yanolja/ogem/cache/api.go:127.80,129.64 2 0
github.com/yanolja/ogem/cache/api.go:129.64,132.3 2 0
github.com/yanolja/ogem/cache/api.go:135.2,135.57 1 0
github.com/yanolja/ogem/cache/api.go:135.57,138.3 2 0
github.com/yanolja/ogem/cache/api.go:142.2,145.41 3 0
github.com/yanolja/ogem/cache/api.go:149.79,156.46 5 0
github.com/yanolja/ogem/cache/api.go:156.46,157.81 1 0
github.com/yanolja/ogem/cache/api.go:157.81,159.4 1 0
github.com/yanolja/ogem/cache/api.go:162.2,163.47 2 0
github.com/yanolja/ogem/cache/api.go:163.47,164.64 1 0
github.com/yanolja/ogem/cache/api.go:164.64,166.4 1 0
github.com/yanolja/ogem/cache/api.go:170.2,181.43 3 0
github.com/yanolja/ogem/cache/api.go:185.76,192.13 5 0
github.com/yanolja/ogem/cache/api.go:192.13,195.3 2 0
github.com/yanolja/ogem/cache/api.go:197.2,197.40 1 0
github.com/yanolja/ogem/cache/api.go:201.79,206.12 4 0
github.com/yanolja/ogem/cache/api.go:206.12,209.3 2 0
github.com/yanolja/ogem/cache/api.go:210.2,212.13 2 0
github.com/yanolja/ogem/cache/api.go:212.13,215.3 2 0
github.com/yanolja/ogem/cache/api.go:217.2,223.43 2 0
github.com/yanolja/ogem/cache/api.go:227.79,228.43 1 0
github.com/yanolja/ogem/cache/api.go:228.43,231.3 2 0
github.com/yanolja/ogem/cache/api.go:233.2,245.40 4 0
github.com/yanolja/ogem/cache/api.go:249.82,250.43 1 0
github.com/yanolja/ogem/cache/api.go:250.43,253.3 2 0
github.com/yanolja/ogem/cache/api.go:255.2,256.61 2 0
github.com/yanolja/ogem/cache/api.go:256.61,259.3 2 0
github.com/yanolja/ogem/cache/api.go:262.2,262.40 1 0
github.com/yanolja/ogem/cache/api.go:262.40,265.3 2 0
github.com/yanolja/ogem/cache/api.go:267.2,295.43 9 0
github.com/yanolja/ogem/cache/api.go:299.72,301.61 2 0
github.com/yanolja/ogem/cache/api.go:301.61,304.3 2 0
github.com/yanolja/ogem/cache/api.go:309.2,316.49 2 0
github.com/yanolja/ogem/cache/api.go:320.75,322.61 2 0
github.com/yanolja/ogem/cache/api.go:322.61,325.3 2 0
github.com/yanolja/ogem/cache/api.go:330.2,336.49 2 0
github.com/yanolja/ogem/cache/api.go:340.79,343.2 2 0
github.com/yanolja/ogem/cache/api.go:346.79,349.2 2 0
github.com/yanolja/ogem/cache/api.go:503.109,510.53 5 0
github.com/yanolja/ogem/cache/api.go:510.53,512.51 1 0
github.com/yanolja/ogem/cache/api.go:512.51,513.12 1 0
github.com/yanolja/ogem/cache/api.go:515.3,515.50 1 0
github.com/yanolja/ogem/cache/api.go:515.50,516.12 1 0
github.com/yanolja/ogem/cache/api.go:520.3,520.21 1 0
github.com/yanolja/ogem/cache/api.go:520.21,522.12 2 0
github.com/yanolja/ogem/cache/api.go:526.3,526.28 1 0
github.com/yanolja/ogem/cache/api.go:526.28,527.9 1 0
github.com/yanolja/ogem/cache/api.go:531.3,544.34 2 0
github.com/yanolja/ogem/cache/api.go:547.2,547.16 1 0
github.com/yanolja/ogem/cache/api.go:550.69,551.28 1 0
github.com/yanolja/ogem/cache/api.go:551.28,553.3 1 0
github.com/yanolja/ogem/cache/api.go:554.2,554.29 1 0
github.com/yanolja/ogem/cache/api.go:554.29,556.3 1 0
github.com/yanolja/ogem/cache/api.go:557.2,557.28 1 0
github.com/yanolja/ogem/cache/api.go:557.28,559.3 1 0
github.com/yanolja/ogem/cache/api.go:560.2,560.12 1 0
github.com/yanolja/ogem/cache/api.go:563.67,569.40 2 0
github.com/yanolja/ogem/cache/api.go:569.40,570.24 1 0
github.com/yanolja/ogem/cache/api.go:570.24,572.4 1 0
github.com/yanolja/ogem/cache/api.go:574.2,574.14 1 0
github.com/yanolja/ogem/cache/api.go:577.61,615.2 6 0
github.com/yanolja/ogem/cache/api.go:617.60,625.53 6 0
github.com/yanolja/ogem/cache/api.go:625.53,631.27 4 0
github.com/yanolja/ogem/cache/api.go:631.27,633.4 1 0
github.com/yanolja/ogem/cache/api.go:637.2,638.39 2 0
github.com/yanolja/ogem/cache/api.go:638.39,644.3 1 0
github.com/yanolja/ogem/cache/api.go:646.2,651.3 1 0
github.com/yanolja/ogem/cache/api.go:654.82,657.25 2 0
github.com/yanolja/ogem/cache/api.go:657.25,665.3 1 0
github.com/yanolja/ogem/cache/api.go:667.2,667.31 1 0
github.com/yanolja/ogem/cache/api.go:667.31,675.3 1 0
github.com/yanolja/ogem/cache/api.go:677.2,677.24 1 0
github.com/yanolja/ogem/cache/api.go:680.91,683.55 2 0
github.com/yanolja/ogem/cache/api.go:683.55,693.3 2 0
github.com/yanolja/ogem/cache/api.go:695.2,695.23 1 0
github.com/yanolja/ogem/cache/api.go:698.61,720.2 1 0
github.com/yanolja/ogem/cache/api.go:722.85,726.56 3 0
github.com/yanolja/ogem/cache/api.go:726.56,728.3 1 0
github.com/yanolja/ogem/cache/api.go:731.95,741.2 2 0
github.com/yanolja/ogem/cache/cache.go:19.24,20.11 1 0
github.com/yanolja/ogem/cache/cache.go:20.11,22.3 1 0
github.com/yanolja/ogem/cache/cache.go:23.2,23.10 1 0
github.com/yanolja/ogem/cache/cache.go:345.132,346.19 1 0
github.com/yanolja/ogem/cache/cache.go:346.19,348.3 1 0
github.com/yanolja/ogem/cache/cache.go:350.2,363.41 2 0
github.com/yanolja/ogem/cache/cache.go:363.41,377.3 1 0
github.com/yanolja/ogem/cache/cache.go:380.2,380.52 1 0
github.com/yanolja/ogem/cache/cache.go:380.52,382.3 1 0
github.com/yanolja/ogem/cache/cache.go:385.2,385.20 1 0
github.com/yanolja/ogem/cache/cache.go:385.20,387.3 1 0
github.com/yanolja/ogem/cache/cache.go:389.2,389.21 1 0
github.com/yanolja/ogem/cache/cache.go:393.40,439.2 1 0
github.com/yanolja/ogem/cache/cache.go:442.137,443.24 1 0
github.com/yanolja/ogem/cache/cache.go:443.24,445.3 1 0
github.com/yanolja/ogem/cache/cache.go:447.2,459.18 6 0
github.com/yanolja/ogem/cache/cache.go:460.21,461.51 1 0
github.com/yanolja/ogem/cache/cache.go:462.24,463.59 1 0
github.com/yanolja/ogem/cache/cache.go:464.21,465.51 1 0
github.com/yanolja/ogem/cache/cache.go:466.22,467.57 1 0
github.com/yanolja/ogem/cache/cache.go:468.10,469.64 1 0
github.com/yanolja/ogem/cache/cache.go:472.2,472.16 1 0
github.com/yanolja/ogem/cache/cache.go:472.16,475.3 2 0
github.com/yanolja/ogem/cache/cache.go:477.2,483.29 3 0
github.com/yanolja/ogem/cache/cache.go:483.29,485.3 1 0
github.com/yanolja/ogem/cache/cache.go:487.2,487.20 1 0
github.com/yanolja/ogem/cache/cache.go:491.155,492.24 1 0
github.com/yanolja/ogem/cache/cache.go:492.24,494.3 1 0
github.com/yanolja/ogem/cache/cache.go:497.2,520.70 5 0
github.com/yanolja/ogem/cache/cache.go:520.70,521.72 1 0
github.com/yanolja/ogem/cache/cache.go:521.72,523.4 1 0
github.com/yanolja/ogem/cache/cache.go:527.2,527.34 1 0
github.com/yanolja/ogem/cache/cache.go:527.34,528.49 1 0
github.com/yanolja/ogem/cache/cache.go:528.49,530.4 1 0
github.com/yanolja/ogem/cache/cache.go:534.2,534.45 1 0
github.com/yanolja/ogem/cache/cache.go:534.45,537.3 2 0
github.com/yanolja/ogem/cache/cache.go:540.2,542.12 2 0
github.com/yanolja/ogem/cache/cache.go:546.39,555.42 5 0
github.com/yanolja/ogem/cache/cache.go:555.42,557.3 1 0
github.com/yanolja/ogem/cache/cache.go:560.2,565.12 5 0
github.com/yanolja/ogem/cache/cache.go:569.60,574.41 3 0
github.com/yanolja/ogem/cache/cache.go:574.41,575.33 1 0
github.com/yanolja/ogem/cache/cache.go:575.33,578.4 2 0
github.com/yanolja/ogem/cache/cache.go:582.2,587.12 5 0
github.com/yanolja/ogem/cache/cache.go:591.48,598.41 5 0
github.com/yanolja/ogem/cache/cache.go:598.41,601.3 2 0
github.com/yanolja/ogem/cache/cache.go:604.2,605.15 2 0
github.com/yanolja/ogem/cache/cache.go:605.15,607.3 1 0
github.com/yanolja/ogem/cache/cache.go:610.2,618.19 7 0
github.com/yanolja/ogem/cache/cache.go:623.96,631.28 2 0
github.com/yanolja/ogem/cache/cache.go:631.28,633.3 1 0
github.com/yanolja/ogem/cache/cache.go:634.2,634.26 1 0
github.com/yanolja/ogem/cache/cache.go:634.26,636.3 1 0
github.com/yanolja/ogem/cache/cache.go:637.2,637.21 1 0
github.com/yanolja/ogem/cache/cache.go:637.21,639.3 1 0
github.com/yanolja/ogem/cache/cache.go:640.2,640.33 1 0
github.com/yanolja/ogem/cache/cache.go:640.33,642.3 1 0
github.com/yanolja/ogem/cache/cache.go:643.2,643.32 1 0
github.com/yanolja/ogem/cache/cache.go:643.32,645.3 1 0
github.com/yanolja/ogem/cache/cache.go:647.2,647.17 1 0
github.com/yanolja/ogem/cache/cache.go:650.85,660.16 3 0
github.com/yanolja/ogem/cache/cache.go:660.16,663.103 2 0
github.com/yanolja/ogem/cache/cache.go:663.103,665.25 2 0
github.com/yanolja/ogem/cache/cache.go:665.25,667.5 1 0
github.com/yanolja/ogem/cache/cache.go:667.10,669.5 1 0
github.com/yanolja/ogem/cache/cache.go:670.9,672.4 1 0
github.com/yanolja/ogem/cache/cache.go:673.3,675.37 3 0
github.com/yanolja/ogem/cache/cache.go:677.2,678.36 2 0
github.com/yanolja/ogem/cache/cache.go:681.64,690.16 3 0
github.com/yanolja/ogem/cache/cache.go:690.16,695.3 3 0
github.com/yanolja/ogem/cache/cache.go:696.2,697.41 2 0
github.com/yanolja/ogem/cache/cache.go:700.88,702.41 1 0
github.com/yanolja/ogem/cache/cache.go:702.41,703.68 1 0
github.com/yanolja/ogem/cache/cache.go:703.68,705.4 1 0
github.com/yanolja/ogem/cache/cache.go:709.2,709.32 1 0
github.com/yanolja/ogem/cache/cache.go:710.24,711.31 1 0
github.com/yanolja/ogem/cache/cache.go:712.10,713.30 1 0
github.com/yanolja/ogem/cache/cache.go:717.59,718.64 1 0
github.com/yanolja/ogem/cache/cache.go:718.64,722.3 3 0
github.com/yanolja/ogem/cache/cache.go:723.2,723.20 1 0
github.com/yanolja/ogem/cache/cache.go:726.51,728.20 1 0
github.com/yanolja/ogem/cache/cache.go:729.20,731.52 1 0
github.com/yanolja/ogem/cache/cache.go:732.24,734.57 1 0
github.com/yanolja/ogem/cache/cache.go:735.10,736.53 1 0
github.com/yanolja/ogem/cache/cache.go:738.2,738.12 1 0
github.com/yanolja/ogem/cache/cache.go:741.51,747.29 3 0
github.com/yanolja/ogem/cache/cache.go:747.29,750.3 2 0
github.com/yanolja/ogem/cache/cache.go:753.2,753.74 1 0
github.com/yanolja/ogem/cache/cache.go:753.74,755.3 1 0
github.com/yanolja/ogem/cache/cache.go:758.45,759.6 1 0
github.com/yanolja/ogem/cache/cache.go:759.6,760.10 1 0
github.com/yanolja/ogem/cache/cache.go:761.29,762.23 1 0
github.com/yanolja/ogem/cache/cache.go:763.22,764.10 1 0
github.com/yanolja/ogem/cache/cache.go:769.45,770.6 1 0
github.com/yanolja/ogem/cache/cache.go:770.6,771.10 1 0
github.com/yanolja/ogem/cache/cache.go:772.29,773.22 1 0
github.com/yanolja/ogem/cache/cache.go:774.22,775.10 1 0
github.com/yanolja/ogem/cache/cache.go:780.52,784.6 3 0
github.com/yanolja/ogem/cache/cache.go:784.6,785.10 1 0
github.com/yanolja/ogem/cache/cache.go:786.19,787.30 1 0
github.com/yanolja/ogem/cache/cache.go:788.22,789.10 1 0
github.com/yanolja/ogem/cache/cache.go:794.42,802.41 5 0
github.com/yanolja/ogem/cache/cache.go:802.41,803.33 1 0
github.com/yanolja/ogem/cache/cache.go:803.33,805.4 1 0
github.com/yanolja/ogem/cache/cache.go:809.2,809.34 1 0
github.com/yanolja/ogem/cache/cache.go:809.34,812.3 2 0
github.com/yanolja/ogem/cache/cache.go:815.2,815.55 1 0
github.com/yanolja/ogem/cache/cache.go:815.55,817.3 1 0
github.com/yanolja/ogem/cache/cache.go:819.2,823.26 4 0
github.com/yanolja/ogem/cache/cache.go:823.26,825.3 1 0
github.com/yanolja/ogem/cache/cache.go:828.41,829.23 1 0
github.com/yanolja/ogem/cache/cache.go:829.23,831.3 1 0
github.com/yanolja/ogem/cache/cache.go:833.2,869.33 3 0
github.com/yanolja/ogem/cache/cache.go:869.33,870.57 1 0
github.com/yanolja/ogem/cache/cache.go:870.57,872.4 1 0
github.com/yanolja/ogem/cache/cache.go:876.56,885.2 5 0
github.com/yanolja/ogem/cache/cache.go:887.59,888.35 1 0
github.com/yanolja/ogem/cache/cache.go:888.35,889.15 1 0
github.com/yanolja/ogem/cache/cache.go:889.15,891.9 2 0
github.com/yanolja/ogem/cache/cache.go:896.57,898.63 1 0
github.com/yanolja/ogem/cache/cache.go:898.63,902.3 3 0
github.com/yanolja/ogem/cache/cache.go:906.32,909.29 2 0
github.com/yanolja/ogem/cache/cache.go:909.29,911.3 1 0
github.com/yanolja/ogem/cache/cache.go:912.2,912.29 1 0
github.com/yanolja/ogem/cache/cache.go:912.29,914.3 1 0
github.com/yanolja/ogem/cache/cache.go:916.2,916.41 1 0
github.com/yanolja/ogem/cache/strategies.go:13.101,20.50 5 0
github.com/yanolja/ogem/cache/strategies.go:20.50,26.3 1 0
github.com/yanolja/ogem/cache/strategies.go:29.2,37.8 2 0
github.com/yanolja/ogem/cache/strategies.go:41.125,44.16 2 0
github.com/yanolja/ogem/cache/strategies.go:44.16,48.3 2 0
github.com/yanolja/ogem/cache/strategies.go:50.2,58.39 6 0
github.com/yanolja/ogem/cache/strategies.go:58.39,60.62 1 0
github.com/yanolja/ogem/cache/strategies.go:60.62,61.12 1 0
github.com/yanolja/ogem/cache/strategies.go:65.3,65.40 1 0
github.com/yanolja/ogem/cache/strategies.go:65.40,66.12 1 0
github.com/yanolja/ogem/cache/strategies.go:70.3,70.32 1 0
github.com/yanolja/ogem/cache/strategies.go:70.32,71.12 1 0
github.com/yanolja/ogem/cache/strategies.go:75.3,75.39 1 0
github.com/yanolja/ogem/cache/strategies.go:75.39,76.12 1 0
github.com/yanolja/ogem/cache/strategies.go:80.3,82.61 2 0
github.com/yanolja/ogem/cache/strategies.go:82.61,85.4 2 0
github.com/yanolja/ogem/cache/strategies.go:88.2,88.22 1 0
github.com/yanolja/ogem/cache/strategies.go:88.22,94.3 1 0
github.com/yanolja/ogem/cache/strategies.go:97.2,105.8 2 0
github.com/yanolja/ogem/cache/strategies.go:109.101,120.39 7 0
github.com/yanolja/ogem/cache/strategies.go:120.39,122.62 1 0
github.com/yanolja/ogem/cache/strategies.go:122.62,123.12 1 0
github.com/yanolja/ogem/cache/strategies.go:127.3,127.40 1 0
github.com/yanolja/ogem/cache/strategies.go:127.40,128.12 1 0
github.com/yanolja/ogem/cache/strategies.go:132.3,132.39 1 0
github.com/yanolja/ogem/cache/strategies.go:132.39,133.12 1 0
github.com/yanolja/ogem/cache/strategies.go:137.3,142.61 3 0
github.com/yanolja/ogem/cache/strategies.go:142.61,145.4 2 0
github.com/yanolja/ogem/cache/strategies.go:148.2,148.22 1 0
github.com/yanolja/ogem/cache/strategies.go:148.22,154.3 1 0
github.com/yanolja/ogem/cache/strategies.go:157.2,165.8 2 0
github.com/yanolja/ogem/cache/strategies.go:169.123,171.78 1 0
github.com/yanolja/ogem/cache/strategies.go:171.78,174.3 2 0
github.com/yanolja/ogem/cache/strategies.go:177.2,177.37 1 0
github.com/yanolja/ogem/cache/strategies.go:177.37,178.87 1 0
github.com/yanolja/ogem/cache/strategies.go:178.87,181.4 2 0
github.com/yanolja/ogem/cache/strategies.go:185.2,185.34 1 0
github.com/yanolja/ogem/cache/strategies.go:185.34,186.79 1 0
github.com/yanolja/ogem/cache/strategies.go:186.79,189.4 2 0
github.com/yanolja/ogem/cache/strategies.go:192.2,196.8 1 0
github.com/yanolja/ogem/cache/strategies.go:200.102,201.37 1 0
github.com/yanolja/ogem/cache/strategies.go:201.37,203.3 1 0
github.com/yanolja/ogem/cache/strategies.go:206.2,207.39 2 0
github.com/yanolja/ogem/cache/strategies.go:207.39,208.29 1 0
github.com/yanolja/ogem/cache/strategies.go:208.29,209.37 1 0
github.com/yanolja/ogem/cache/strategies.go:209.37,212.5 2 0
github.com/yanolja/ogem/cache/strategies.go:212.10,212.43 1 0
github.com/yanolja/ogem/cache/strategies.go:212.43,213.48 1 0
github.com/yanolja/ogem/cache/strategies.go:213.48,214.41 1 0
github.com/yanolja/ogem/cache/strategies.go:214.41,217.7 2 0
github.com/yanolja/ogem/cache/strategies.go:223.2,224.16 2 0
github.com/yanolja/ogem/cache/strategies.go:224.16,226.3 1 0
github.com/yanolja/ogem/cache/strategies.go:230.2,232.23 2 0
github.com/yanolja/ogem/cache/strategies.go:236.75,243.28 3 0
github.com/yanolja/ogem/cache/strategies.go:243.28,245.3 1 0
github.com/yanolja/ogem/cache/strategies.go:247.2,247.27 1 0
github.com/yanolja/ogem/cache/strategies.go:247.27,251.3 2 0
github.com/yanolja/ogem/cache/strategies.go:254.2,255.32 2 0
github.com/yanolja/ogem/cache/strategies.go:255.32,257.3 1 0
github.com/yanolja/ogem/cache/strategies.go:258.2,260.14 2 0
github.com/yanolja/ogem/cache/strategies.go:260.14,261.28 1 0
github.com/yanolja/ogem/cache/strategies.go:261.28,263.4 1 0
github.com/yanolja/ogem/cache/strategies.go:266.2,266.18 1 0
github.com/yanolja/ogem/cache/strategies.go:270.75,271.22 1 0
github.com/yanolja/ogem/cache/strategies.go:271.22,273.3 1 0
github.com/yanolja/ogem/cache/strategies.go:275.2,277.19 2 0
github.com/yanolja/ogem/cache/strategies.go:277.19,281.3 3 0
github.com/yanolja/ogem/cache/strategies.go:283.2,283.30 1 0
github.com/yanolja/ogem/cache/strategies.go:283.30,285.3 1 0
github.com/yanolja/ogem/cache/strategies.go:287.2,287.59 1 0
github.com/yanolja/ogem/cache/strategies.go:291.67,295.39 2 0
github.com/yanolja/ogem/cache/strategies.go:295.39,296.29 1 0
github.com/yanolja/ogem/cache/strategies.go:296.29,298.37 2 0
github.com/yanolja/ogem/cache/strategies.go:298.37,300.5 1 0
github.com/yanolja/ogem/cache/strategies.go:300.10,300.43 1 0
github.com/yanolja/ogem/cache/strategies.go:300.43,302.48 2 0
github.com/yanolja/ogem/cache/strategies.go:302.48,303.41 1 0
github.com/yanolja/ogem/cache/strategies.go:303.41,305.7 1 0
github.com/yanolja/ogem/cache/strategies.go:307.5,307.36 1 0
github.com/yanolja/ogem/cache/strategies.go:310.4,310.18 1 0
github.com/yanolja/ogem/cache/strategies.go:310.18,313.5 2 0
github.com/yanolja/ogem/cache/strategies.go:317.2,317.15 1 0
github.com/yanolja/ogem/cache/strategies.go:321.60,323.55 1 0
github.com/yanolja/ogem/cache/strategies.go:323.55,325.3 1 0
github.com/yanolja/ogem/cache/strategies.go:327.2,328.31 2 0
github.com/yanolja/ogem/cache/strategies.go:328.31,332.39 2 0
github.com/yanolja/ogem/cache/strategies.go:332.39,334.4 1 0
github.com/yanolja/ogem/cache/strategies.go:336.3,336.46 1 0
github.com/yanolja/ogem/cache/strategies.go:336.46,339.4 1 0
github.com/yanolja/ogem/cache/strategies.go:341.3,341.23 1 0
github.com/yanolja/ogem/cache/strategies.go:341.23,343.4 1 0
github.com/yanolja/ogem/cache/strategies.go:346.2,346.25 1 0
github.com/yanolja/ogem/cache/strategies.go:350.85,351.44 1 0
github.com/yanolja/ogem/cache/strategies.go:351.44,353.3 1 0
github.com/yanolja/ogem/cache/strategies.go:354.2,354.44 1 0
github.com/yanolja/ogem/cache/strategies.go:354.44,356.3 1 0
github.com/yanolja/ogem/cache/strategies.go:359.2,362.32 3 0
github.com/yanolja/ogem/cache/strategies.go:362.32,364.3 1 0
github.com/yanolja/ogem/cache/strategies.go:365.2,365.32 1 0
github.com/yanolja/ogem/cache/strategies.go:365.32,367.3 1 0
github.com/yanolja/ogem/cache/strategies.go:370.2,374.27 4 0
github.com/yanolja/ogem/cache/strategies.go:374.27,376.3 1 0
github.com/yanolja/ogem/cache/strategies.go:377.2,377.27 1 0
github.com/yanolja/ogem/cache/strategies.go:377.27,379.3 1 0
github.com/yanolja/ogem/cache/strategies.go:381.2,381.31 1 0
github.com/yanolja/ogem/cache/strategies.go:381.31,387.3 4 0
github.com/yanolja/ogem/cache/strategies.go:389.2,389.16 1 0
github.com/yanolja/ogem/cache/strategies.go:389.16,391.3 1 0
github.com/yanolja/ogem/cache/strategies.go:393.2,396.47 2 0
github.com/yanolja/ogem/cache/strategies.go:396.47,399.3 2 0
github.com/yanolja/ogem/cache/strategies.go:401.2,401.16 1 0
github.com/yanolja/ogem/cache/strategies.go:405.85,409.33 3 0
github.com/yanolja/ogem/cache/strategies.go:409.33,410.34 1 0
github.com/yanolja/ogem/cache/strategies.go:410.34,411.74 1 0
github.com/yanolja/ogem/cache/strategies.go:411.74,413.10 2 0
github.com/yanolja/ogem/cache/strategies.go:419.2,420.20 2 0
github.com/yanolja/ogem/cache/strategies.go:420.20,422.3 1 0
github.com/yanolja/ogem/cache/strategies.go:424.2,424.51 1 0
github.com/yanolja/ogem/cache/strategies.go:428.55,429.17 1 0
github.com/yanolja/ogem/cache/strategies.go:429.17,431.3 1 0
github.com/yanolja/ogem/cache/strategies.go:432.2,432.17 1 0
github.com/yanolja/ogem/cache/strategies.go:432.17,434.3 1 0
github.com/yanolja/ogem/cache/strategies.go:437.2,440.24 4 0
github.com/yanolja/ogem/cache/strategies.go:440.24,442.3 1 0
github.com/yanolja/ogem/cache/strategies.go:445.2,445.31 1 0
github.com/yanolja/ogem/cache/strategies.go:445.31,447.3 1 0
github.com/yanolja/ogem/cache/strategies.go:448.2,448.31 1 0
github.com/yanolja/ogem/cache/strategies.go:448.31,450.3 1 0
github.com/yanolja/ogem/cache/strategies.go:453.2,453.31 1 0
github.com/yanolja/ogem/cache/strategies.go:453.31,454.32 1 0
github.com/yanolja/ogem/cache/strategies.go:454.32,456.24 2 0
github.com/yanolja/ogem/cache/strategies.go:456.24,458.5 1 0
github.com/yanolja/ogem/cache/strategies.go:460.4,464.62 4 0
github.com/yanolja/ogem/cache/strategies.go:468.2,468.31 1 0
github.com/yanolja/ogem/cache/strategies.go:472.62,488.2 7 0
github.com/yanolja/ogem/cache/strategies.go:491.61,496.56 3 0
github.com/yanolja/ogem/cache/strategies.go:496.56,498.30 1 0
github.com/yanolja/ogem/cache/strategies.go:498.30,502.4 3 0
github.com/yanolja/ogem/cache/strategies.go:506.2,509.12 3 0
github.com/yanolja/ogem/cache/strategies.go:513.46,515.20 1 0
github.com/yanolja/ogem/cache/strategies.go:516.20,518.13 1 0
github.com/yanolja/ogem/cache/strategies.go:519.24,521.13 1 0
github.com/yanolja/ogem/cache/strategies.go:522.10,524.13 1 0
github.com/yanolja/ogem/cache/strategies.go:529.64,530.35 1 0
github.com/yanolja/ogem/cache/strategies.go:530.35,532.3 1 0
github.com/yanolja/ogem/cache/strategies.go:535.2,536.16 2 0
github.com/yanolja/ogem/cache/strategies.go:536.16,538.3 1 0
github.com/yanolja/ogem/cache/strategies.go:540.2,546.12 3 0
github.com/yanolja/ogem/cache/strategies.go:550.87,554.18 3 0
github.com/yanolja/ogem/cache/strategies.go:554.18,558.26 2 0
github.com/yanolja/ogem/cache/strategies.go:559.22,560.24 1 0
github.com/yanolja/ogem/cache/strategies.go:561.25,562.27 1 0
github.com/yanolja/ogem/cache/strategies.go:563.22,564.24 1 0
github.com/yanolja/ogem/cache/strategies.go:566.8,568.3 1 0
github.com/yanolja/ogem/cache/strategies.go:571.2,571.49 1 0
github.com/yanolja/ogem/cache/strategies.go:571.49,573.14 2 0
github.com/yanolja/ogem/cache/strategies.go:573.14,576.4 2 0
github.com/yanolja/ogem/cache/strategies.go:578.3,578.19 1 0
github.com/yanolja/ogem/cache/strategies.go:578.19,580.4 1 0
github.com/yanolja/ogem/cache/strategies.go:580.9,582.4 1 0
github.com/yanolja/ogem/cache/strategies.go:584.3,585.16 2 0
github.com/yanolja/ogem/cache/strategies.go:585.16,587.4 1 0
github.com/yanolja/ogem/cache/strategies.go:591.2,591.52 1 0
github.com/yanolja/ogem/cache/strategies.go:595.61,603.55 5 0
github.com/yanolja/ogem/cache/strategies.go:603.55,605.14 2 0
github.com/yanolja/ogem/cache/strategies.go:605.14,608.4 2 0
github.com/yanolja/ogem/cache/strategies.go:610.3,610.24 1 0
github.com/yanolja/ogem/cache/strategies.go:615.111,616.29 1 0
github.com/yanolja/ogem/cache/strategies.go:616.29,618.3 1 0
github.com/yanolja/ogem/cache/strategies.go:620.2,626.97 4 0
github.com/yanolja/ogem/cache/strategies.go:626.97,632.21 4 0
github.com/yanolja/ogem/cache/strategies.go:632.21,634.4 1 0
github.com/yanolja/ogem/cache/strategies.go:637.3,641.64 3 0
github.com/yanolja/ogem/cache/strategies.go:641.64,643.4 1 0
github.com/yanolja/ogem/cache/strategies.go:648.49,649.64 1 0
github.com/yanolja/ogem/cache/strategies.go:649.64,651.3 1 0
github.com/yanolja/ogem/cache/strategies.go:653.2,657.88 4 0
github.com/yanolja/ogem/cache/strategies.go:657.88,659.3 1 0
github.com/yanolja/ogem/cache/strategies.go:661.2,661.72 1 0
github.com/yanolja/ogem/cache/strategies.go:661.72,664.3 2 0
github.com/yanolja/ogem/cache/strategies.go:667.2,674.63 5 0
github.com/yanolja/ogem/cache/strategies.go:674.63,676.43 1 0
github.com/yanolja/ogem/cache/strategies.go:677.22,679.47 2 0
github.com/yanolja/ogem/cache/strategies.go:680.25,682.50 2 0
github.com/yanolja/ogem/cache/strategies.go:683.22,685.47 2 0
github.com/yanolja/ogem/cache/strategies.go:686.11,688.38 2 0
github.com/yanolja/ogem/cache/strategies.go:690.8,690.71 1 0
github.com/yanolja/ogem/cache/strategies.go:690.71,692.56 1 0
github.com/yanolja/ogem/cache/strategies.go:692.56,695.4 2 0
github.com/yanolja/ogem/cache/strategies.go:699.2,699.74 1 0
github.com/yanolja/ogem/cache/strategies.go:699.74,720.3 3 0
github.com/yanolja/ogem/cache/strategies.go:722.2,723.34 2 0
github.com/yanolja/ogem/cache/strategies.go:727.68,729.39 2 0
github.com/yanolja/ogem/cache/strategies.go:729.39,730.29 1 0
github.com/yanolja/ogem/cache/strategies.go:730.29,731.37 1 0
github.com/yanolja/ogem/cache/strategies.go:731.37,733.5 1 0
github.com/yanolja/ogem/cache/strategies.go:733.10,733.43 1 0
github.com/yanolja/ogem/cache/strategies.go:733.43,734.48 1 0
github.com/yanolja/ogem/cache/strategies.go:734.48,735.41 1 0
github.com/yanolja/ogem/cache/strategies.go:735.41,737.7 1 0
github.com/yanolja/ogem/cache/strategies.go:742.2,742.20 1 0
github.com/yanolja/ogem/cache/strategies.go:747.24,748.11 1 0
github.com/yanolja/ogem/cache/strategies.go:748.11,750.3 1 0
github.com/yanolja/ogem/cache/strategies.go:751.2,751.10 1 0
