mode: atomic
github.com/yanolja/ogem/auth/auth.go:52.62,54.66 1 0
github.com/yanolja/ogem/auth/auth.go:54.66,55.44 1 0
github.com/yanolja/ogem/auth/auth.go:55.44,57.4 1 0
github.com/yanolja/ogem/auth/auth.go:61.2,62.18 2 0
github.com/yanolja/ogem/auth/auth.go:62.18,64.3 1 0
github.com/yanolja/ogem/auth/auth.go:66.2,71.3 1 0
github.com/yanolja/ogem/auth/auth.go:123.39,125.44 2 0
github.com/yanolja/ogem/auth/auth.go:125.44,127.3 1 0
github.com/yanolja/ogem/auth/auth.go:128.2,128.49 1 0
github.com/yanolja/ogem/auth/auth.go:131.38,133.44 2 0
github.com/yanolja/ogem/auth/auth.go:133.44,135.3 1 0
github.com/yanolja/ogem/auth/auth.go:136.2,136.48 1 0
github.com/yanolja/ogem/auth/enhanced_auth.go:81.32,90.23 2 0
github.com/yanolja/ogem/auth/enhanced_auth.go:90.23,92.3 1 0
github.com/yanolja/ogem/auth/enhanced_auth.go:95.2,95.52 1 0
github.com/yanolja/ogem/auth/enhanced_auth.go:95.52,97.17 2 0
github.com/yanolja/ogem/auth/enhanced_auth.go:97.17,99.4 1 0
github.com/yanolja/ogem/auth/enhanced_auth.go:100.3,100.40 1 0
github.com/yanolja/ogem/auth/enhanced_auth.go:103.2,103.21 1 0
github.com/yanolja/ogem/auth/enhanced_auth.go:107.89,109.22 2 0
github.com/yanolja/ogem/auth/enhanced_auth.go:109.22,111.3 1 0
github.com/yanolja/ogem/auth/enhanced_auth.go:113.2,114.21 2 0
github.com/yanolja/ogem/auth/enhanced_auth.go:114.21,116.3 1 0
github.com/yanolja/ogem/auth/enhanced_auth.go:118.2,121.16 3 0
github.com/yanolja/ogem/auth/enhanced_auth.go:122.16,123.40 1 0
github.com/yanolja/ogem/auth/enhanced_auth.go:124.15,125.63 1 0
github.com/yanolja/ogem/auth/enhanced_auth.go:126.10,127.74 1 0
github.com/yanolja/ogem/auth/enhanced_auth.go:132.102,134.47 1 0
github.com/yanolja/ogem/auth/enhanced_auth.go:134.47,146.3 1 0
github.com/yanolja/ogem/auth/enhanced_auth.go:149.2,149.25 1 0
github.com/yanolja/ogem/auth/enhanced_auth.go:149.25,150.67 1 0
github.com/yanolja/ogem/auth/enhanced_auth.go:150.67,166.4 1 0
github.com/yanolja/ogem/auth/enhanced_auth.go:170.2,170.62 1 0
github.com/yanolja/ogem/auth/enhanced_auth.go:170.62,171.83 1 0
github.com/yanolja/ogem/auth/enhanced_auth.go:171.83,184.4 1 0
github.com/yanolja/ogem/auth/enhanced_auth.go:187.2,187.41 1 0
github.com/yanolja/ogem/auth/enhanced_auth.go:191.95,192.45 1 0
github.com/yanolja/ogem/auth/enhanced_auth.go:192.45,194.3 1 0
github.com/yanolja/ogem/auth/enhanced_auth.go:197.2,197.57 1 0
github.com/yanolja/ogem/auth/enhanced_auth.go:197.57,198.30 1 0
github.com/yanolja/ogem/auth/enhanced_auth.go:198.30,199.23 1 0
github.com/yanolja/ogem/auth/enhanced_auth.go:199.23,201.5 1 0
github.com/yanolja/ogem/auth/enhanced_auth.go:206.2,206.69 1 0
github.com/yanolja/ogem/auth/enhanced_auth.go:206.69,207.36 1 0
github.com/yanolja/ogem/auth/enhanced_auth.go:207.36,208.19 1 0
github.com/yanolja/ogem/auth/enhanced_auth.go:208.19,210.5 1 0
github.com/yanolja/ogem/auth/enhanced_auth.go:211.4,211.26 1 0
github.com/yanolja/ogem/auth/enhanced_auth.go:211.26,213.5 1 0
github.com/yanolja/ogem/auth/enhanced_auth.go:216.4,216.37 1 0
github.com/yanolja/ogem/auth/enhanced_auth.go:216.37,218.46 2 0
github.com/yanolja/ogem/auth/enhanced_auth.go:218.46,220.6 1 0
github.com/yanolja/ogem/auth/enhanced_auth.go:225.2,225.14 1 0
github.com/yanolja/ogem/auth/enhanced_auth.go:229.83,230.45 1 0
github.com/yanolja/ogem/auth/enhanced_auth.go:230.45,232.3 1 0
github.com/yanolja/ogem/auth/enhanced_auth.go:234.2,234.57 1 0
github.com/yanolja/ogem/auth/enhanced_auth.go:234.57,235.27 1 0
github.com/yanolja/ogem/auth/enhanced_auth.go:235.27,236.17 1 0
github.com/yanolja/ogem/auth/enhanced_auth.go:236.17,238.5 1 0
github.com/yanolja/ogem/auth/enhanced_auth.go:241.2,241.14 1 0
github.com/yanolja/ogem/auth/enhanced_auth.go:245.161,246.25 1 0
github.com/yanolja/ogem/auth/enhanced_auth.go:246.25,248.3 1 0
github.com/yanolja/ogem/auth/enhanced_auth.go:250.2,250.102 1 0
github.com/yanolja/ogem/auth/enhanced_auth.go:254.141,255.25 1 0
github.com/yanolja/ogem/auth/enhanced_auth.go:255.25,257.3 1 0
github.com/yanolja/ogem/auth/enhanced_auth.go:259.2,259.90 1 0
github.com/yanolja/ogem/auth/enhanced_auth.go:263.80,264.28 1 0
github.com/yanolja/ogem/auth/enhanced_auth.go:264.28,266.3 1 0
github.com/yanolja/ogem/auth/enhanced_auth.go:268.2,269.52 2 0
github.com/yanolja/ogem/auth/enhanced_auth.go:273.115,274.28 1 0
github.com/yanolja/ogem/auth/enhanced_auth.go:274.28,276.3 1 0
github.com/yanolja/ogem/auth/enhanced_auth.go:279.2,280.16 2 0
github.com/yanolja/ogem/auth/enhanced_auth.go:280.16,282.3 1 0
github.com/yanolja/ogem/auth/enhanced_auth.go:285.2,286.16 2 0
github.com/yanolja/ogem/auth/enhanced_auth.go:286.16,288.3 1 0
github.com/yanolja/ogem/auth/enhanced_auth.go:291.2,301.16 3 0
github.com/yanolja/ogem/auth/enhanced_auth.go:301.16,303.3 1 0
github.com/yanolja/ogem/auth/enhanced_auth.go:305.2,305.49 1 0
github.com/yanolja/ogem/auth/enhanced_auth.go:309.83,310.54 1 0
github.com/yanolja/ogem/auth/enhanced_auth.go:310.54,311.55 1 0
github.com/yanolja/ogem/auth/enhanced_auth.go:311.55,313.18 2 0
github.com/yanolja/ogem/auth/enhanced_auth.go:313.18,317.5 3 0
github.com/yanolja/ogem/auth/enhanced_auth.go:320.4,321.41 2 0
github.com/yanolja/ogem/auth/enhanced_auth.go:327.107,328.54 1 0
github.com/yanolja/ogem/auth/enhanced_auth.go:328.54,329.55 1 0
github.com/yanolja/ogem/auth/enhanced_auth.go:329.55,331.18 2 0
github.com/yanolja/ogem/auth/enhanced_auth.go:331.18,335.5 3 0
github.com/yanolja/ogem/auth/enhanced_auth.go:337.4,337.50 1 0
github.com/yanolja/ogem/auth/enhanced_auth.go:337.50,341.5 3 0
github.com/yanolja/ogem/auth/enhanced_auth.go:343.4,343.24 1 0
github.com/yanolja/ogem/auth/enhanced_auth.go:349.95,350.54 1 0
github.com/yanolja/ogem/auth/enhanced_auth.go:350.54,351.55 1 0
github.com/yanolja/ogem/auth/enhanced_auth.go:351.55,353.18 2 0
github.com/yanolja/ogem/auth/enhanced_auth.go:353.18,357.5 3 0
github.com/yanolja/ogem/auth/enhanced_auth.go:359.4,359.38 1 0
github.com/yanolja/ogem/auth/enhanced_auth.go:359.38,363.5 3 0
github.com/yanolja/ogem/auth/enhanced_auth.go:365.4,365.24 1 0
github.com/yanolja/ogem/auth/enhanced_auth.go:371.69,373.25 1 0
github.com/yanolja/ogem/auth/enhanced_auth.go:373.25,376.3 2 0
github.com/yanolja/ogem/auth/enhanced_auth.go:379.2,379.28 1 0
github.com/yanolja/ogem/auth/enhanced_auth.go:379.28,381.3 1 0
github.com/yanolja/ogem/auth/enhanced_auth.go:385.75,387.9 2 0
github.com/yanolja/ogem/auth/enhanced_auth.go:387.9,389.3 1 0
github.com/yanolja/ogem/auth/enhanced_auth.go:390.2,390.21 1 0
github.com/yanolja/ogem/auth/enhanced_auth.go:394.122,396.41 2 0
github.com/yanolja/ogem/auth/enhanced_auth.go:396.41,399.3 1 0
github.com/yanolja/ogem/auth/enhanced_auth.go:401.2,402.48 2 0
github.com/yanolja/ogem/auth/enhanced_auth.go:402.48,405.3 1 0
github.com/yanolja/ogem/auth/enhanced_auth.go:407.2,408.30 2 0
github.com/yanolja/ogem/auth/enhanced_auth.go:408.30,411.3 1 0
github.com/yanolja/ogem/auth/enhanced_auth.go:413.2,413.32 1 0
github.com/yanolja/ogem/auth/enhanced_auth.go:413.32,415.3 1 0
github.com/yanolja/ogem/auth/enhanced_auth.go:417.2,417.84 1 0
github.com/yanolja/ogem/auth/enhanced_auth.go:421.54,434.2 1 0
github.com/yanolja/ogem/auth/jwt.go:59.78,64.2 1 0
github.com/yanolja/ogem/auth/jwt.go:67.150,104.28 5 0
github.com/yanolja/ogem/auth/jwt.go:105.15,107.41 2 0
github.com/yanolja/ogem/auth/jwt.go:108.15,110.41 2 0
github.com/yanolja/ogem/auth/jwt.go:111.10,112.81 1 0
github.com/yanolja/ogem/auth/jwt.go:115.2,119.16 4 0
github.com/yanolja/ogem/auth/jwt.go:119.16,121.3 1 0
github.com/yanolja/ogem/auth/jwt.go:123.2,124.16 2 0
github.com/yanolja/ogem/auth/jwt.go:124.16,126.3 1 0
github.com/yanolja/ogem/auth/jwt.go:128.2,128.51 1 0
github.com/yanolja/ogem/auth/jwt.go:132.76,133.107 1 0
github.com/yanolja/ogem/auth/jwt.go:133.107,135.29 1 0
github.com/yanolja/ogem/auth/jwt.go:136.16,137.58 1 0
github.com/yanolja/ogem/auth/jwt.go:137.58,139.5 1 0
github.com/yanolja/ogem/auth/jwt.go:140.4,140.40 1 0
github.com/yanolja/ogem/auth/jwt.go:141.16,142.59 1 0
github.com/yanolja/ogem/auth/jwt.go:142.59,144.5 1 0
github.com/yanolja/ogem/auth/jwt.go:145.4,145.35 1 0
github.com/yanolja/ogem/auth/jwt.go:146.11,147.79 1 0
github.com/yanolja/ogem/auth/jwt.go:151.2,151.16 1 0
github.com/yanolja/ogem/auth/jwt.go:151.16,153.3 1 0
github.com/yanolja/ogem/auth/jwt.go:155.2,155.18 1 0
github.com/yanolja/ogem/auth/jwt.go:155.18,157.3 1 0
github.com/yanolja/ogem/auth/jwt.go:159.2,160.9 2 0
github.com/yanolja/ogem/auth/jwt.go:160.9,162.3 1 0
github.com/yanolja/ogem/auth/jwt.go:165.2,165.38 1 0
github.com/yanolja/ogem/auth/jwt.go:165.38,167.3 1 0
github.com/yanolja/ogem/auth/jwt.go:169.2,170.38 2 0
github.com/yanolja/ogem/auth/jwt.go:170.38,171.31 1 0
github.com/yanolja/ogem/auth/jwt.go:171.31,173.9 2 0
github.com/yanolja/ogem/auth/jwt.go:176.2,176.20 1 0
github.com/yanolja/ogem/auth/jwt.go:176.20,178.3 1 0
github.com/yanolja/ogem/auth/jwt.go:180.2,180.20 1 0
github.com/yanolja/ogem/auth/jwt.go:184.136,186.16 2 0
github.com/yanolja/ogem/auth/jwt.go:186.16,188.3 1 0
github.com/yanolja/ogem/auth/jwt.go:191.2,192.16 2 0
github.com/yanolja/ogem/auth/jwt.go:192.16,194.3 1 0
github.com/yanolja/ogem/auth/jwt.go:196.2,196.25 1 0
github.com/yanolja/ogem/auth/jwt.go:200.79,203.22 2 0
github.com/yanolja/ogem/auth/jwt.go:203.22,205.63 2 0
github.com/yanolja/ogem/auth/jwt.go:205.63,207.4 1 0
github.com/yanolja/ogem/auth/jwt.go:211.2,212.38 2 0
github.com/yanolja/ogem/auth/jwt.go:212.38,214.3 1 0
github.com/yanolja/ogem/auth/jwt.go:217.2,218.17 2 0
github.com/yanolja/ogem/auth/jwt.go:218.17,220.3 1 0
github.com/yanolja/ogem/auth/jwt.go:222.2,222.52 1 0
github.com/yanolja/ogem/auth/jwt.go:226.76,227.54 1 0
github.com/yanolja/ogem/auth/jwt.go:227.54,229.17 2 0
github.com/yanolja/ogem/auth/jwt.go:229.17,232.4 2 0
github.com/yanolja/ogem/auth/jwt.go:234.3,235.17 2 0
github.com/yanolja/ogem/auth/jwt.go:235.17,238.4 2 0
github.com/yanolja/ogem/auth/jwt.go:241.3,242.40 2 0
github.com/yanolja/ogem/auth/jwt.go:247.68,249.9 2 0
github.com/yanolja/ogem/auth/jwt.go:249.9,251.3 1 0
github.com/yanolja/ogem/auth/jwt.go:252.2,252.20 1 0
github.com/yanolja/ogem/auth/jwt.go:276.74,277.33 1 0
github.com/yanolja/ogem/auth/jwt.go:277.33,280.3 2 0
github.com/yanolja/ogem/auth/jwt.go:282.2,283.66 2 0
github.com/yanolja/ogem/auth/jwt.go:283.66,286.3 2 0
github.com/yanolja/ogem/auth/jwt.go:290.2,292.17 3 0
github.com/yanolja/ogem/auth/jwt.go:292.17,294.3 1 0
github.com/yanolja/ogem/auth/jwt.go:297.2,301.16 4 0
github.com/yanolja/ogem/auth/jwt.go:301.16,305.3 3 0
github.com/yanolja/ogem/auth/jwt.go:307.2,315.37 3 0
github.com/yanolja/ogem/auth/jwt.go:319.76,320.33 1 0
github.com/yanolja/ogem/auth/jwt.go:320.33,323.3 2 0
github.com/yanolja/ogem/auth/jwt.go:325.2,326.68 2 0
github.com/yanolja/ogem/auth/jwt.go:326.68,329.3 2 0
github.com/yanolja/ogem/auth/jwt.go:332.2,336.16 4 0
github.com/yanolja/ogem/auth/jwt.go:336.16,340.3 3 0
github.com/yanolja/ogem/auth/jwt.go:342.2,349.37 3 0
github.com/yanolja/ogem/auth/jwt.go:353.106,356.2 1 0
github.com/yanolja/ogem/auth/jwt.go:359.36,367.2 1 0
github.com/yanolja/ogem/auth/memory.go:17.40,22.2 1 0
github.com/yanolja/ogem/auth/memory.go:24.94,29.16 4 0
github.com/yanolja/ogem/auth/memory.go:29.16,31.3 1 0
github.com/yanolja/ogem/auth/memory.go:33.2,34.16 2 0
github.com/yanolja/ogem/auth/memory.go:34.16,36.3 1 0
github.com/yanolja/ogem/auth/memory.go:38.2,61.17 4 0
github.com/yanolja/ogem/auth/memory.go:64.88,69.13 4 0
github.com/yanolja/ogem/auth/memory.go:69.13,71.3 1 0
github.com/yanolja/ogem/auth/memory.go:73.2,73.17 1 0
github.com/yanolja/ogem/auth/memory.go:76.98,81.13 4 0
github.com/yanolja/ogem/auth/memory.go:81.13,83.3 1 0
github.com/yanolja/ogem/auth/memory.go:85.2,86.13 2 0
github.com/yanolja/ogem/auth/memory.go:86.13,88.3 1 0
github.com/yanolja/ogem/auth/memory.go:90.2,90.17 1 0
github.com/yanolja/ogem/auth/memory.go:93.78,98.29 4 0
github.com/yanolja/ogem/auth/memory.go:98.29,100.3 1 0
github.com/yanolja/ogem/auth/memory.go:102.2,102.18 1 0
github.com/yanolja/ogem/auth/memory.go:105.123,110.13 4 0
github.com/yanolja/ogem/auth/memory.go:110.13,112.3 1 0
github.com/yanolja/ogem/auth/memory.go:114.2,114.46 1 0
github.com/yanolja/ogem/auth/memory.go:114.46,116.3 1 0
github.com/yanolja/ogem/auth/memory.go:117.2,117.60 1 0
github.com/yanolja/ogem/auth/memory.go:117.60,119.3 1 0
github.com/yanolja/ogem/auth/memory.go:120.2,120.52 1 0
github.com/yanolja/ogem/auth/memory.go:120.52,122.3 1 0
github.com/yanolja/ogem/auth/memory.go:123.2,123.57 1 0
github.com/yanolja/ogem/auth/memory.go:123.57,125.3 1 0
github.com/yanolja/ogem/auth/memory.go:126.2,126.61 1 0
github.com/yanolja/ogem/auth/memory.go:126.61,128.3 1 0
github.com/yanolja/ogem/auth/memory.go:129.2,129.52 1 0
github.com/yanolja/ogem/auth/memory.go:129.52,131.3 1 0
github.com/yanolja/ogem/auth/memory.go:132.2,132.65 1 0
github.com/yanolja/ogem/auth/memory.go:132.65,134.3 1 0
github.com/yanolja/ogem/auth/memory.go:135.2,135.61 1 0
github.com/yanolja/ogem/auth/memory.go:135.61,137.3 1 0
github.com/yanolja/ogem/auth/memory.go:138.2,138.53 1 0
github.com/yanolja/ogem/auth/memory.go:138.53,140.3 1 0
github.com/yanolja/ogem/auth/memory.go:142.2,142.17 1 0
github.com/yanolja/ogem/auth/memory.go:145.76,150.13 4 0
github.com/yanolja/ogem/auth/memory.go:150.13,152.3 1 0
github.com/yanolja/ogem/auth/memory.go:154.2,157.12 3 0
github.com/yanolja/ogem/auth/memory.go:160.114,162.16 2 0
github.com/yanolja/ogem/auth/memory.go:162.16,164.3 1 0
github.com/yanolja/ogem/auth/memory.go:166.2,166.19 1 0
github.com/yanolja/ogem/auth/memory.go:166.19,168.3 1 0
github.com/yanolja/ogem/auth/memory.go:170.2,170.62 1 0
github.com/yanolja/ogem/auth/memory.go:170.62,172.3 1 0
github.com/yanolja/ogem/auth/memory.go:174.2,174.25 1 0
github.com/yanolja/ogem/auth/memory.go:174.25,176.43 2 0
github.com/yanolja/ogem/auth/memory.go:176.43,177.78 1 0
github.com/yanolja/ogem/auth/memory.go:177.78,179.10 2 0
github.com/yanolja/ogem/auth/memory.go:182.3,182.15 1 0
github.com/yanolja/ogem/auth/memory.go:182.15,184.4 1 0
github.com/yanolja/ogem/auth/memory.go:187.2,187.80 1 0
github.com/yanolja/ogem/auth/memory.go:187.80,189.3 1 0
github.com/yanolja/ogem/auth/memory.go:191.2,191.66 1 0
github.com/yanolja/ogem/auth/memory.go:191.66,193.3 1 0
github.com/yanolja/ogem/auth/memory.go:195.2,195.17 1 0
github.com/yanolja/ogem/auth/memory.go:198.109,203.13 4 0
github.com/yanolja/ogem/auth/memory.go:203.13,205.3 1 0
github.com/yanolja/ogem/auth/memory.go:207.2,208.13 2 0
github.com/yanolja/ogem/auth/memory.go:208.13,210.3 1 0
github.com/yanolja/ogem/auth/memory.go:212.2,212.27 1 0
github.com/yanolja/ogem/auth/memory.go:212.27,214.3 1 0
github.com/yanolja/ogem/auth/memory.go:216.2,222.12 6 0
github.com/yanolja/ogem/auth/oauth2.go:61.132,64.36 2 0
github.com/yanolja/ogem/auth/oauth2.go:64.36,66.17 2 0
github.com/yanolja/ogem/auth/oauth2.go:66.17,68.4 1 0
github.com/yanolja/ogem/auth/oauth2.go:69.3,69.37 1 0
github.com/yanolja/ogem/auth/oauth2.go:72.2,76.8 1 0
github.com/yanolja/ogem/auth/oauth2.go:80.71,88.42 2 0
github.com/yanolja/ogem/auth/oauth2.go:89.16,91.36 2 0
github.com/yanolja/ogem/auth/oauth2.go:91.36,93.4 1 0
github.com/yanolja/ogem/auth/oauth2.go:94.19,96.36 2 0
github.com/yanolja/ogem/auth/oauth2.go:96.36,98.4 1 0
github.com/yanolja/ogem/auth/oauth2.go:99.16,104.36 2 0
github.com/yanolja/ogem/auth/oauth2.go:104.36,106.4 1 0
github.com/yanolja/ogem/auth/oauth2.go:107.17,108.52 1 0
github.com/yanolja/ogem/auth/oauth2.go:108.52,110.4 1 0
github.com/yanolja/ogem/auth/oauth2.go:111.3,114.4 1 0
github.com/yanolja/ogem/auth/oauth2.go:115.10,116.77 1 0
github.com/yanolja/ogem/auth/oauth2.go:119.2,119.26 1 0
github.com/yanolja/ogem/auth/oauth2.go:123.53,127.2 3 0
github.com/yanolja/ogem/auth/oauth2.go:130.76,132.13 2 0
github.com/yanolja/ogem/auth/oauth2.go:132.13,134.3 1 0
github.com/yanolja/ogem/auth/oauth2.go:136.2,136.65 1 0
github.com/yanolja/ogem/auth/oauth2.go:140.84,142.13 2 0
github.com/yanolja/ogem/auth/oauth2.go:142.13,144.3 1 0
github.com/yanolja/ogem/auth/oauth2.go:146.2,150.16 4 0
github.com/yanolja/ogem/auth/oauth2.go:150.16,152.3 1 0
github.com/yanolja/ogem/auth/oauth2.go:154.2,154.19 1 0
github.com/yanolja/ogem/auth/oauth2.go:158.100,160.13 2 0
github.com/yanolja/ogem/auth/oauth2.go:160.13,162.3 1 0
github.com/yanolja/ogem/auth/oauth2.go:164.2,170.35 5 0
github.com/yanolja/ogem/auth/oauth2.go:171.16,172.64 1 0
github.com/yanolja/ogem/auth/oauth2.go:173.19,174.54 1 0
github.com/yanolja/ogem/auth/oauth2.go:175.16,176.46 1 0
github.com/yanolja/ogem/auth/oauth2.go:177.10,179.83 1 0
github.com/yanolja/ogem/auth/oauth2.go:182.2,183.16 2 0
github.com/yanolja/ogem/auth/oauth2.go:183.16,185.3 1 0
github.com/yanolja/ogem/auth/oauth2.go:186.2,188.38 2 0
github.com/yanolja/ogem/auth/oauth2.go:188.38,190.3 1 0
github.com/yanolja/ogem/auth/oauth2.go:192.2,193.69 2 0
github.com/yanolja/ogem/auth/oauth2.go:193.69,195.3 1 0
github.com/yanolja/ogem/auth/oauth2.go:197.2,200.35 2 0
github.com/yanolja/ogem/auth/oauth2.go:201.16,202.30 1 0
github.com/yanolja/ogem/auth/oauth2.go:202.30,204.4 1 0
github.com/yanolja/ogem/auth/oauth2.go:205.19,206.30 1 0
github.com/yanolja/ogem/auth/oauth2.go:206.30,208.4 1 0
github.com/yanolja/ogem/auth/oauth2.go:211.2,211.23 1 0
github.com/yanolja/ogem/auth/oauth2.go:215.83,217.20 2 0
github.com/yanolja/ogem/auth/oauth2.go:217.20,220.3 2 0
github.com/yanolja/ogem/auth/oauth2.go:222.2,224.16 3 0
github.com/yanolja/ogem/auth/oauth2.go:224.16,228.3 3 0
github.com/yanolja/ogem/auth/oauth2.go:231.2,241.60 2 0
github.com/yanolja/ogem/auth/oauth2.go:245.86,247.20 2 0
github.com/yanolja/ogem/auth/oauth2.go:247.20,250.3 2 0
github.com/yanolja/ogem/auth/oauth2.go:253.2,255.46 3 0
github.com/yanolja/ogem/auth/oauth2.go:255.46,258.3 2 0
github.com/yanolja/ogem/auth/oauth2.go:261.2,269.64 2 0
github.com/yanolja/ogem/auth/oauth2.go:269.64,274.3 4 0
github.com/yanolja/ogem/auth/oauth2.go:277.2,278.16 2 0
github.com/yanolja/ogem/auth/oauth2.go:278.16,281.3 2 0
github.com/yanolja/ogem/auth/oauth2.go:283.2,284.16 2 0
github.com/yanolja/ogem/auth/oauth2.go:284.16,288.3 3 0
github.com/yanolja/ogem/auth/oauth2.go:291.2,292.16 2 0
github.com/yanolja/ogem/auth/oauth2.go:292.16,296.3 3 0
github.com/yanolja/ogem/auth/oauth2.go:299.2,314.16 5 0
github.com/yanolja/ogem/auth/oauth2.go:314.16,318.3 3 0
github.com/yanolja/ogem/auth/oauth2.go:321.2,329.37 3 0
github.com/yanolja/ogem/auth/oauth2.go:333.66,336.2 2 0
github.com/yanolja/ogem/auth/oauth2.go:339.107,348.16 3 0
github.com/yanolja/ogem/auth/oauth2.go:348.16,350.3 1 0
github.com/yanolja/ogem/auth/oauth2.go:352.2,352.22 1 0
github.com/yanolja/ogem/monitoring/custom.go:58.104,59.22 1 1
github.com/yanolja/ogem/monitoring/custom.go:59.22,61.3 1 0
github.com/yanolja/ogem/monitoring/custom.go:63.2,69.8 1 1
github.com/yanolja/ogem/monitoring/custom.go:73.60,74.42 1 0
github.com/yanolja/ogem/monitoring/custom.go:75.14,76.34 1 0
github.com/yanolja/ogem/monitoring/custom.go:77.18,78.38 1 0
github.com/yanolja/ogem/monitoring/custom.go:79.16,80.36 1 0
github.com/yanolja/ogem/monitoring/custom.go:81.10,82.34 1 0
github.com/yanolja/ogem/monitoring/custom.go:87.77,121.29 6 0
github.com/yanolja/ogem/monitoring/custom.go:121.29,123.32 2 0
github.com/yanolja/ogem/monitoring/custom.go:123.32,125.4 1 0
github.com/yanolja/ogem/monitoring/custom.go:126.3,134.5 2 0
github.com/yanolja/ogem/monitoring/custom.go:137.2,137.30 1 0
github.com/yanolja/ogem/monitoring/custom.go:137.30,139.32 2 0
github.com/yanolja/ogem/monitoring/custom.go:139.32,141.4 1 0
github.com/yanolja/ogem/monitoring/custom.go:142.3,150.5 2 0
github.com/yanolja/ogem/monitoring/custom.go:154.2,154.22 1 0
github.com/yanolja/ogem/monitoring/custom.go:154.22,162.3 1 0
github.com/yanolja/ogem/monitoring/custom.go:165.2,178.39 3 0
github.com/yanolja/ogem/monitoring/custom.go:178.39,179.48 1 0
github.com/yanolja/ogem/monitoring/custom.go:179.48,181.4 1 0
github.com/yanolja/ogem/monitoring/custom.go:184.2,184.12 1 0
github.com/yanolja/ogem/monitoring/custom.go:188.86,190.27 2 0
github.com/yanolja/ogem/monitoring/custom.go:190.27,192.3 1 0
github.com/yanolja/ogem/monitoring/custom.go:193.2,203.31 3 0
github.com/yanolja/ogem/monitoring/custom.go:207.103,210.21 2 0
github.com/yanolja/ogem/monitoring/custom.go:210.21,222.13 3 0
github.com/yanolja/ogem/monitoring/custom.go:222.13,223.49 1 0
github.com/yanolja/ogem/monitoring/custom.go:223.49,225.5 1 0
github.com/yanolja/ogem/monitoring/custom.go:231.62,246.16 4 0
github.com/yanolja/ogem/monitoring/custom.go:246.16,248.3 1 0
github.com/yanolja/ogem/monitoring/custom.go:250.2,250.56 1 0
github.com/yanolja/ogem/monitoring/custom.go:254.66,267.2 3 0
github.com/yanolja/ogem/monitoring/custom.go:270.64,282.2 3 0
github.com/yanolja/ogem/monitoring/custom.go:285.80,287.16 2 0
github.com/yanolja/ogem/monitoring/custom.go:287.16,289.3 1 0
github.com/yanolja/ogem/monitoring/custom.go:291.2,294.43 2 0
github.com/yanolja/ogem/monitoring/custom.go:294.43,296.3 1 0
github.com/yanolja/ogem/monitoring/custom.go:298.2,299.16 2 0
github.com/yanolja/ogem/monitoring/custom.go:299.16,301.3 1 0
github.com/yanolja/ogem/monitoring/custom.go:302.2,304.53 2 0
github.com/yanolja/ogem/monitoring/custom.go:304.53,306.3 1 0
github.com/yanolja/ogem/monitoring/custom.go:308.2,308.12 1 0
github.com/yanolja/ogem/monitoring/custom.go:312.78,319.24 3 0
github.com/yanolja/ogem/monitoring/custom.go:319.24,320.37 1 0
github.com/yanolja/ogem/monitoring/custom.go:320.37,325.4 4 0
github.com/yanolja/ogem/monitoring/custom.go:328.2,332.38 3 0
github.com/yanolja/ogem/monitoring/custom.go:332.38,333.21 1 0
github.com/yanolja/ogem/monitoring/custom.go:333.21,335.4 1 0
github.com/yanolja/ogem/monitoring/custom.go:336.3,339.28 3 0
github.com/yanolja/ogem/monitoring/custom.go:340.15,343.29 3 0
github.com/yanolja/ogem/monitoring/custom.go:344.16,345.45 1 0
github.com/yanolja/ogem/monitoring/custom.go:346.14,347.46 1 0
github.com/yanolja/ogem/monitoring/custom.go:348.13,349.45 1 0
github.com/yanolja/ogem/monitoring/custom.go:350.11,351.45 1 0
github.com/yanolja/ogem/monitoring/custom.go:353.3,353.15 1 0
github.com/yanolja/ogem/monitoring/custom.go:357.2,360.25 3 0
github.com/yanolja/ogem/monitoring/custom.go:364.70,379.30 7 0
github.com/yanolja/ogem/monitoring/custom.go:379.30,382.3 2 0
github.com/yanolja/ogem/monitoring/custom.go:385.2,385.26 1 0
github.com/yanolja/ogem/monitoring/custom.go:385.26,387.35 2 0
github.com/yanolja/ogem/monitoring/custom.go:387.35,388.13 1 0
github.com/yanolja/ogem/monitoring/custom.go:388.13,390.5 1 0
github.com/yanolja/ogem/monitoring/custom.go:391.4,391.28 1 0
github.com/yanolja/ogem/monitoring/custom.go:395.2,395.25 1 0
github.com/yanolja/ogem/monitoring/custom.go:399.75,400.20 1 0
github.com/yanolja/ogem/monitoring/custom.go:401.25,402.13 1 0
github.com/yanolja/ogem/monitoring/custom.go:403.23,404.13 1 0
github.com/yanolja/ogem/monitoring/custom.go:405.27,406.13 1 0
github.com/yanolja/ogem/monitoring/custom.go:407.25,408.14 1 0
github.com/yanolja/ogem/monitoring/custom.go:409.10,410.13 1 0
github.com/yanolja/ogem/monitoring/custom.go:415.86,418.33 2 0
github.com/yanolja/ogem/monitoring/custom.go:418.33,420.3 1 0
github.com/yanolja/ogem/monitoring/custom.go:422.2,422.13 1 0
github.com/yanolja/ogem/monitoring/custom.go:426.39,428.2 1 0
github.com/yanolja/ogem/monitoring/custom.go:431.39,433.2 1 0
github.com/yanolja/ogem/monitoring/custom.go:436.67,437.23 1 0
github.com/yanolja/ogem/monitoring/custom.go:437.23,439.3 1 0
github.com/yanolja/ogem/monitoring/custom.go:441.2,441.42 1 0
github.com/yanolja/ogem/monitoring/custom.go:442.14,443.41 1 0
github.com/yanolja/ogem/monitoring/custom.go:444.18,445.45 1 0
github.com/yanolja/ogem/monitoring/custom.go:446.16,447.42 1 0
github.com/yanolja/ogem/monitoring/custom.go:448.10,449.41 1 0
github.com/yanolja/ogem/monitoring/custom.go:454.71,457.33 2 0
github.com/yanolja/ogem/monitoring/custom.go:457.33,464.3 1 0
github.com/yanolja/ogem/monitoring/custom.go:466.2,473.16 3 0
github.com/yanolja/ogem/monitoring/custom.go:473.16,475.3 1 0
github.com/yanolja/ogem/monitoring/custom.go:477.2,477.56 1 0
github.com/yanolja/ogem/monitoring/custom.go:481.75,484.33 2 0
github.com/yanolja/ogem/monitoring/custom.go:484.33,485.12 1 0
github.com/yanolja/ogem/monitoring/custom.go:485.12,487.4 1 0
github.com/yanolja/ogem/monitoring/custom.go:489.3,498.50 2 0
github.com/yanolja/ogem/monitoring/custom.go:501.2,501.66 1 0
github.com/yanolja/ogem/monitoring/custom.go:505.72,508.33 2 0
github.com/yanolja/ogem/monitoring/custom.go:508.33,509.12 1 0
github.com/yanolja/ogem/monitoring/custom.go:509.12,511.4 1 0
github.com/yanolja/ogem/monitoring/custom.go:513.3,521.56 2 0
github.com/yanolja/ogem/monitoring/custom.go:524.2,524.66 1 0
github.com/yanolja/ogem/monitoring/datadog.go:57.99,58.25 1 1
github.com/yanolja/ogem/monitoring/datadog.go:58.25,60.3 1 0
github.com/yanolja/ogem/monitoring/datadog.go:62.2,63.23 2 1
github.com/yanolja/ogem/monitoring/datadog.go:63.23,65.3 1 0
github.com/yanolja/ogem/monitoring/datadog.go:67.2,74.8 1 1
github.com/yanolja/ogem/monitoring/datadog.go:78.61,91.2 3 0
github.com/yanolja/ogem/monitoring/datadog.go:94.78,109.26 3 0
github.com/yanolja/ogem/monitoring/datadog.go:109.26,111.3 1 0
github.com/yanolja/ogem/monitoring/datadog.go:112.2,112.26 1 0
github.com/yanolja/ogem/monitoring/datadog.go:112.26,114.3 1 0
github.com/yanolja/ogem/monitoring/datadog.go:117.2,138.29 5 0
github.com/yanolja/ogem/monitoring/datadog.go:138.29,146.3 2 0
github.com/yanolja/ogem/monitoring/datadog.go:148.2,148.30 1 0
github.com/yanolja/ogem/monitoring/datadog.go:148.30,156.3 2 0
github.com/yanolja/ogem/monitoring/datadog.go:158.2,158.29 1 0
github.com/yanolja/ogem/monitoring/datadog.go:158.29,166.3 2 0
github.com/yanolja/ogem/monitoring/datadog.go:169.2,169.22 1 0
github.com/yanolja/ogem/monitoring/datadog.go:169.22,176.3 1 0
github.com/yanolja/ogem/monitoring/datadog.go:179.2,180.22 2 0
github.com/yanolja/ogem/monitoring/datadog.go:180.22,182.3 1 0
github.com/yanolja/ogem/monitoring/datadog.go:183.2,195.31 4 0
github.com/yanolja/ogem/monitoring/datadog.go:199.87,207.33 2 0
github.com/yanolja/ogem/monitoring/datadog.go:207.33,209.3 1 0
github.com/yanolja/ogem/monitoring/datadog.go:212.2,228.31 5 0
github.com/yanolja/ogem/monitoring/datadog.go:232.104,235.21 2 0
github.com/yanolja/ogem/monitoring/datadog.go:235.21,255.13 4 0
github.com/yanolja/ogem/monitoring/datadog.go:255.13,256.49 1 0
github.com/yanolja/ogem/monitoring/datadog.go:256.49,258.5 1 0
github.com/yanolja/ogem/monitoring/datadog.go:264.75,266.16 2 0
github.com/yanolja/ogem/monitoring/datadog.go:266.16,268.3 1 0
github.com/yanolja/ogem/monitoring/datadog.go:270.2,272.16 3 0
github.com/yanolja/ogem/monitoring/datadog.go:272.16,274.3 1 0
github.com/yanolja/ogem/monitoring/datadog.go:276.2,278.27 3 0
github.com/yanolja/ogem/monitoring/datadog.go:278.27,280.3 1 0
github.com/yanolja/ogem/monitoring/datadog.go:282.2,283.16 2 0
github.com/yanolja/ogem/monitoring/datadog.go:283.16,285.3 1 0
github.com/yanolja/ogem/monitoring/datadog.go:286.2,288.53 2 0
github.com/yanolja/ogem/monitoring/datadog.go:288.53,290.3 1 0
github.com/yanolja/ogem/monitoring/datadog.go:292.2,292.12 1 0
github.com/yanolja/ogem/monitoring/datadog.go:296.84,302.33 2 0
github.com/yanolja/ogem/monitoring/datadog.go:302.33,304.3 1 0
github.com/yanolja/ogem/monitoring/datadog.go:305.2,317.16 4 0
github.com/yanolja/ogem/monitoring/datadog.go:317.16,320.3 2 0
github.com/yanolja/ogem/monitoring/datadog.go:322.2,324.16 3 0
github.com/yanolja/ogem/monitoring/datadog.go:324.16,327.3 2 0
github.com/yanolja/ogem/monitoring/datadog.go:329.2,333.16 4 0
github.com/yanolja/ogem/monitoring/datadog.go:333.16,336.3 2 0
github.com/yanolja/ogem/monitoring/datadog.go:337.2,339.53 2 0
github.com/yanolja/ogem/monitoring/datadog.go:339.53,341.3 1 0
github.com/yanolja/ogem/monitoring/datadog.go:345.74,346.20 1 0
github.com/yanolja/ogem/monitoring/datadog.go:347.25,348.17 1 0
github.com/yanolja/ogem/monitoring/datadog.go:349.23,350.17 1 0
github.com/yanolja/ogem/monitoring/datadog.go:351.27,352.21 1 0
github.com/yanolja/ogem/monitoring/datadog.go:353.25,354.24 1 0
github.com/yanolja/ogem/monitoring/datadog.go:355.10,356.17 1 0
github.com/yanolja/ogem/monitoring/datadog.go:361.81,365.33 2 0
github.com/yanolja/ogem/monitoring/datadog.go:365.33,367.3 1 0
github.com/yanolja/ogem/monitoring/datadog.go:370.2,377.13 5 0
github.com/yanolja/ogem/monitoring/datadog.go:381.40,385.2 1 0
github.com/yanolja/ogem/monitoring/datadog.go:388.40,391.2 1 0
github.com/yanolja/ogem/monitoring/datadog.go:394.92,407.16 4 0
github.com/yanolja/ogem/monitoring/datadog.go:407.16,409.3 1 0
github.com/yanolja/ogem/monitoring/datadog.go:411.2,413.16 3 0
github.com/yanolja/ogem/monitoring/datadog.go:413.16,415.3 1 0
github.com/yanolja/ogem/monitoring/datadog.go:417.2,421.16 4 0
github.com/yanolja/ogem/monitoring/datadog.go:421.16,423.3 1 0
github.com/yanolja/ogem/monitoring/datadog.go:424.2,426.53 2 0
github.com/yanolja/ogem/monitoring/datadog.go:426.53,428.3 1 0
github.com/yanolja/ogem/monitoring/datadog.go:430.2,430.12 1 0
github.com/yanolja/ogem/monitoring/monitoring.go:134.108,135.21 1 21
github.com/yanolja/ogem/monitoring/monitoring.go:135.21,140.3 1 7
github.com/yanolja/ogem/monitoring/monitoring.go:142.2,148.59 2 14
github.com/yanolja/ogem/monitoring/monitoring.go:148.59,150.17 2 13
github.com/yanolja/ogem/monitoring/monitoring.go:150.17,152.4 1 0
github.com/yanolja/ogem/monitoring/monitoring.go:153.3,153.34 1 13
github.com/yanolja/ogem/monitoring/monitoring.go:157.2,157.53 1 14
github.com/yanolja/ogem/monitoring/monitoring.go:157.53,159.17 2 1
github.com/yanolja/ogem/monitoring/monitoring.go:159.17,161.4 1 0
github.com/yanolja/ogem/monitoring/monitoring.go:162.3,162.28 1 1
github.com/yanolja/ogem/monitoring/monitoring.go:166.2,166.65 1 14
github.com/yanolja/ogem/monitoring/monitoring.go:166.65,168.17 2 1
github.com/yanolja/ogem/monitoring/monitoring.go:168.17,170.4 1 0
github.com/yanolja/ogem/monitoring/monitoring.go:171.3,171.22 1 1
github.com/yanolja/ogem/monitoring/monitoring.go:175.2,175.67 1 14
github.com/yanolja/ogem/monitoring/monitoring.go:175.67,177.17 2 1
github.com/yanolja/ogem/monitoring/monitoring.go:177.17,179.4 1 0
github.com/yanolja/ogem/monitoring/monitoring.go:180.3,180.26 1 1
github.com/yanolja/ogem/monitoring/monitoring.go:183.2,183.21 1 14
github.com/yanolja/ogem/monitoring/monitoring.go:187.64,188.23 1 8
github.com/yanolja/ogem/monitoring/monitoring.go:188.23,190.3 1 1
github.com/yanolja/ogem/monitoring/monitoring.go:192.2,194.25 2 7
github.com/yanolja/ogem/monitoring/monitoring.go:194.25,195.59 1 7
github.com/yanolja/ogem/monitoring/monitoring.go:195.59,197.4 1 0
github.com/yanolja/ogem/monitoring/monitoring.go:200.2,200.22 1 7
github.com/yanolja/ogem/monitoring/monitoring.go:200.22,201.56 1 0
github.com/yanolja/ogem/monitoring/monitoring.go:201.56,203.4 1 0
github.com/yanolja/ogem/monitoring/monitoring.go:206.2,206.19 1 7
github.com/yanolja/ogem/monitoring/monitoring.go:206.19,207.53 1 0
github.com/yanolja/ogem/monitoring/monitoring.go:207.53,209.4 1 0
github.com/yanolja/ogem/monitoring/monitoring.go:212.2,212.21 1 7
github.com/yanolja/ogem/monitoring/monitoring.go:212.21,213.55 1 0
github.com/yanolja/ogem/monitoring/monitoring.go:213.55,215.4 1 0
github.com/yanolja/ogem/monitoring/monitoring.go:218.2,218.19 1 7
github.com/yanolja/ogem/monitoring/monitoring.go:218.19,220.3 1 0
github.com/yanolja/ogem/monitoring/monitoring.go:222.2,222.12 1 7
github.com/yanolja/ogem/monitoring/monitoring.go:226.81,227.23 1 4
github.com/yanolja/ogem/monitoring/monitoring.go:227.23,229.3 1 0
github.com/yanolja/ogem/monitoring/monitoring.go:231.2,233.25 2 4
github.com/yanolja/ogem/monitoring/monitoring.go:233.25,234.68 1 4
github.com/yanolja/ogem/monitoring/monitoring.go:234.68,236.4 1 0
github.com/yanolja/ogem/monitoring/monitoring.go:239.2,239.22 1 4
github.com/yanolja/ogem/monitoring/monitoring.go:239.22,240.65 1 0
github.com/yanolja/ogem/monitoring/monitoring.go:240.65,242.4 1 0
github.com/yanolja/ogem/monitoring/monitoring.go:245.2,245.19 1 4
github.com/yanolja/ogem/monitoring/monitoring.go:245.19,246.62 1 0
github.com/yanolja/ogem/monitoring/monitoring.go:246.62,248.4 1 0
github.com/yanolja/ogem/monitoring/monitoring.go:251.2,251.21 1 4
github.com/yanolja/ogem/monitoring/monitoring.go:251.21,252.64 1 0
github.com/yanolja/ogem/monitoring/monitoring.go:252.64,254.4 1 0
github.com/yanolja/ogem/monitoring/monitoring.go:257.2,257.19 1 4
github.com/yanolja/ogem/monitoring/monitoring.go:257.19,259.3 1 0
github.com/yanolja/ogem/monitoring/monitoring.go:261.2,261.12 1 4
github.com/yanolja/ogem/monitoring/monitoring.go:265.90,266.23 1 3
github.com/yanolja/ogem/monitoring/monitoring.go:266.23,268.3 1 0
github.com/yanolja/ogem/monitoring/monitoring.go:270.2,272.25 2 3
github.com/yanolja/ogem/monitoring/monitoring.go:272.25,273.68 1 3
github.com/yanolja/ogem/monitoring/monitoring.go:273.68,275.4 1 0
github.com/yanolja/ogem/monitoring/monitoring.go:278.2,278.22 1 3
github.com/yanolja/ogem/monitoring/monitoring.go:278.22,279.65 1 0
github.com/yanolja/ogem/monitoring/monitoring.go:279.65,281.4 1 0
github.com/yanolja/ogem/monitoring/monitoring.go:284.2,284.19 1 3
github.com/yanolja/ogem/monitoring/monitoring.go:284.19,285.62 1 0
github.com/yanolja/ogem/monitoring/monitoring.go:285.62,287.4 1 0
github.com/yanolja/ogem/monitoring/monitoring.go:290.2,290.21 1 3
github.com/yanolja/ogem/monitoring/monitoring.go:290.21,291.64 1 0
github.com/yanolja/ogem/monitoring/monitoring.go:291.64,293.4 1 0
github.com/yanolja/ogem/monitoring/monitoring.go:296.2,296.19 1 3
github.com/yanolja/ogem/monitoring/monitoring.go:296.19,298.3 1 0
github.com/yanolja/ogem/monitoring/monitoring.go:300.2,300.12 1 3
github.com/yanolja/ogem/monitoring/monitoring.go:304.107,305.23 1 3
github.com/yanolja/ogem/monitoring/monitoring.go:305.23,306.22 1 1
github.com/yanolja/ogem/monitoring/monitoring.go:306.23,306.24 0 1
github.com/yanolja/ogem/monitoring/monitoring.go:309.2,311.25 2 2
github.com/yanolja/ogem/monitoring/monitoring.go:311.25,315.3 3 2
github.com/yanolja/ogem/monitoring/monitoring.go:317.2,317.22 1 2
github.com/yanolja/ogem/monitoring/monitoring.go:317.22,321.3 3 0
github.com/yanolja/ogem/monitoring/monitoring.go:323.2,323.19 1 2
github.com/yanolja/ogem/monitoring/monitoring.go:323.19,327.3 3 0
github.com/yanolja/ogem/monitoring/monitoring.go:329.2,329.21 1 2
github.com/yanolja/ogem/monitoring/monitoring.go:329.21,333.3 3 0
github.com/yanolja/ogem/monitoring/monitoring.go:335.2,335.21 1 2
github.com/yanolja/ogem/monitoring/monitoring.go:335.21,336.38 1 2
github.com/yanolja/ogem/monitoring/monitoring.go:336.38,338.4 1 2
github.com/yanolja/ogem/monitoring/monitoring.go:343.74,344.46 1 2
github.com/yanolja/ogem/monitoring/monitoring.go:344.46,345.72 1 2
github.com/yanolja/ogem/monitoring/monitoring.go:345.72,346.25 1 2
github.com/yanolja/ogem/monitoring/monitoring.go:346.25,349.5 2 1
github.com/yanolja/ogem/monitoring/monitoring.go:351.4,370.6 7 1
github.com/yanolja/ogem/monitoring/monitoring.go:381.61,384.2 2 2
github.com/yanolja/ogem/monitoring/monitoring.go:387.43,388.23 1 2
github.com/yanolja/ogem/monitoring/monitoring.go:388.23,390.3 1 1
github.com/yanolja/ogem/monitoring/monitoring.go:392.2,394.25 2 1
github.com/yanolja/ogem/monitoring/monitoring.go:394.25,395.46 1 1
github.com/yanolja/ogem/monitoring/monitoring.go:395.46,397.4 1 0
github.com/yanolja/ogem/monitoring/monitoring.go:400.2,400.22 1 1
github.com/yanolja/ogem/monitoring/monitoring.go:400.22,401.43 1 0
github.com/yanolja/ogem/monitoring/monitoring.go:401.43,403.4 1 0
github.com/yanolja/ogem/monitoring/monitoring.go:406.2,406.19 1 1
github.com/yanolja/ogem/monitoring/monitoring.go:406.19,407.40 1 0
github.com/yanolja/ogem/monitoring/monitoring.go:407.40,409.4 1 0
github.com/yanolja/ogem/monitoring/monitoring.go:412.2,412.21 1 1
github.com/yanolja/ogem/monitoring/monitoring.go:412.21,413.42 1 0
github.com/yanolja/ogem/monitoring/monitoring.go:413.42,415.4 1 0
github.com/yanolja/ogem/monitoring/monitoring.go:418.2,418.19 1 1
github.com/yanolja/ogem/monitoring/monitoring.go:418.19,420.3 1 0
github.com/yanolja/ogem/monitoring/monitoring.go:422.2,422.12 1 1
github.com/yanolja/ogem/monitoring/monitoring.go:426.43,427.23 1 2
github.com/yanolja/ogem/monitoring/monitoring.go:427.23,429.3 1 1
github.com/yanolja/ogem/monitoring/monitoring.go:431.2,433.25 2 1
github.com/yanolja/ogem/monitoring/monitoring.go:433.25,434.46 1 1
github.com/yanolja/ogem/monitoring/monitoring.go:434.46,436.4 1 0
github.com/yanolja/ogem/monitoring/monitoring.go:439.2,439.22 1 1
github.com/yanolja/ogem/monitoring/monitoring.go:439.22,440.43 1 0
github.com/yanolja/ogem/monitoring/monitoring.go:440.43,442.4 1 0
github.com/yanolja/ogem/monitoring/monitoring.go:445.2,445.19 1 1
github.com/yanolja/ogem/monitoring/monitoring.go:445.19,446.40 1 0
github.com/yanolja/ogem/monitoring/monitoring.go:446.40,448.4 1 0
github.com/yanolja/ogem/monitoring/monitoring.go:451.2,451.21 1 1
github.com/yanolja/ogem/monitoring/monitoring.go:451.21,452.42 1 0
github.com/yanolja/ogem/monitoring/monitoring.go:452.42,454.4 1 0
github.com/yanolja/ogem/monitoring/monitoring.go:457.2,457.19 1 1
github.com/yanolja/ogem/monitoring/monitoring.go:457.19,459.3 1 0
github.com/yanolja/ogem/monitoring/monitoring.go:461.2,461.12 1 1
github.com/yanolja/ogem/monitoring/monitoring.go:465.65,466.25 1 2
github.com/yanolja/ogem/monitoring/monitoring.go:466.25,468.3 1 1
github.com/yanolja/ogem/monitoring/monitoring.go:469.2,469.12 1 1
github.com/yanolja/ogem/monitoring/monitoring.go:473.50,486.2 1 1
github.com/yanolja/ogem/monitoring/monitoring.go:498.78,499.23 1 2
github.com/yanolja/ogem/monitoring/monitoring.go:499.23,501.3 1 1
github.com/yanolja/ogem/monitoring/monitoring.go:503.2,530.33 2 1
github.com/yanolja/ogem/monitoring/monitoring.go:530.33,531.48 1 4
github.com/yanolja/ogem/monitoring/monitoring.go:531.48,533.4 1 0
github.com/yanolja/ogem/monitoring/monitoring.go:536.2,536.12 1 1
github.com/yanolja/ogem/monitoring/opentelemetry.go:48.117,49.27 1 1
github.com/yanolja/ogem/monitoring/opentelemetry.go:49.27,51.3 1 0
github.com/yanolja/ogem/monitoring/opentelemetry.go:53.2,69.16 3 1
github.com/yanolja/ogem/monitoring/opentelemetry.go:69.16,71.3 1 0
github.com/yanolja/ogem/monitoring/opentelemetry.go:74.2,74.59 1 1
github.com/yanolja/ogem/monitoring/opentelemetry.go:74.59,76.3 1 0
github.com/yanolja/ogem/monitoring/opentelemetry.go:79.2,79.59 1 1
github.com/yanolja/ogem/monitoring/opentelemetry.go:79.59,81.3 1 0
github.com/yanolja/ogem/monitoring/opentelemetry.go:83.2,83.25 1 1
github.com/yanolja/ogem/monitoring/opentelemetry.go:87.80,95.16 2 1
github.com/yanolja/ogem/monitoring/opentelemetry.go:95.16,97.3 1 0
github.com/yanolja/ogem/monitoring/opentelemetry.go:100.2,112.34 4 1
github.com/yanolja/ogem/monitoring/opentelemetry.go:116.80,124.16 2 1
github.com/yanolja/ogem/monitoring/opentelemetry.go:124.16,126.3 1 0
github.com/yanolja/ogem/monitoring/opentelemetry.go:129.2,141.12 4 1
github.com/yanolja/ogem/monitoring/opentelemetry.go:145.62,153.16 3 1
github.com/yanolja/ogem/monitoring/opentelemetry.go:153.16,155.3 1 0
github.com/yanolja/ogem/monitoring/opentelemetry.go:158.2,162.16 2 1
github.com/yanolja/ogem/monitoring/opentelemetry.go:162.16,164.3 1 0
github.com/yanolja/ogem/monitoring/opentelemetry.go:167.2,171.16 2 1
github.com/yanolja/ogem/monitoring/opentelemetry.go:171.16,173.3 1 0
github.com/yanolja/ogem/monitoring/opentelemetry.go:176.2,180.16 2 1
github.com/yanolja/ogem/monitoring/opentelemetry.go:180.16,182.3 1 0
github.com/yanolja/ogem/monitoring/opentelemetry.go:185.2,189.16 2 1
github.com/yanolja/ogem/monitoring/opentelemetry.go:189.16,191.3 1 0
github.com/yanolja/ogem/monitoring/opentelemetry.go:194.2,198.16 2 1
github.com/yanolja/ogem/monitoring/opentelemetry.go:198.16,200.3 1 0
github.com/yanolja/ogem/monitoring/opentelemetry.go:203.2,207.16 2 1
github.com/yanolja/ogem/monitoring/opentelemetry.go:207.16,209.3 1 0
github.com/yanolja/ogem/monitoring/opentelemetry.go:212.2,216.16 2 1
github.com/yanolja/ogem/monitoring/opentelemetry.go:216.16,218.3 1 0
github.com/yanolja/ogem/monitoring/opentelemetry.go:220.2,220.12 1 1
github.com/yanolja/ogem/monitoring/opentelemetry.go:224.67,228.21 3 0
github.com/yanolja/ogem/monitoring/opentelemetry.go:229.25,230.77 1 0
github.com/yanolja/ogem/monitoring/opentelemetry.go:231.23,232.68 1 0
github.com/yanolja/ogem/monitoring/opentelemetry.go:233.27,234.72 1 0
github.com/yanolja/ogem/monitoring/opentelemetry.go:235.10,236.64 1 0
github.com/yanolja/ogem/monitoring/opentelemetry.go:241.133,243.13 2 0
github.com/yanolja/ogem/monitoring/opentelemetry.go:243.13,249.17 3 0
github.com/yanolja/ogem/monitoring/opentelemetry.go:249.17,251.4 1 0
github.com/yanolja/ogem/monitoring/opentelemetry.go:252.3,252.35 1 0
github.com/yanolja/ogem/monitoring/opentelemetry.go:255.2,256.12 2 0
github.com/yanolja/ogem/monitoring/opentelemetry.go:260.133,262.13 2 0
github.com/yanolja/ogem/monitoring/opentelemetry.go:262.13,268.17 3 0
github.com/yanolja/ogem/monitoring/opentelemetry.go:268.17,270.4 1 0
github.com/yanolja/ogem/monitoring/opentelemetry.go:271.3,271.31 1 0
github.com/yanolja/ogem/monitoring/opentelemetry.go:274.2,275.12 2 0
github.com/yanolja/ogem/monitoring/opentelemetry.go:279.137,281.13 2 0
github.com/yanolja/ogem/monitoring/opentelemetry.go:281.13,287.17 3 0
github.com/yanolja/ogem/monitoring/opentelemetry.go:287.17,289.4 1 0
github.com/yanolja/ogem/monitoring/opentelemetry.go:290.3,290.39 1 0
github.com/yanolja/ogem/monitoring/opentelemetry.go:293.2,294.12 2 0
github.com/yanolja/ogem/monitoring/opentelemetry.go:298.84,318.29 5 0
github.com/yanolja/ogem/monitoring/opentelemetry.go:318.29,321.3 2 0
github.com/yanolja/ogem/monitoring/opentelemetry.go:323.2,323.30 1 0
github.com/yanolja/ogem/monitoring/opentelemetry.go:323.30,326.3 2 0
github.com/yanolja/ogem/monitoring/opentelemetry.go:328.2,328.29 1 0
github.com/yanolja/ogem/monitoring/opentelemetry.go:328.29,331.3 2 0
github.com/yanolja/ogem/monitoring/opentelemetry.go:334.2,334.22 1 0
github.com/yanolja/ogem/monitoring/opentelemetry.go:334.22,336.3 1 0
github.com/yanolja/ogem/monitoring/opentelemetry.go:339.2,345.12 3 0
github.com/yanolja/ogem/monitoring/opentelemetry.go:349.93,357.33 3 0
github.com/yanolja/ogem/monitoring/opentelemetry.go:357.33,359.3 1 0
github.com/yanolja/ogem/monitoring/opentelemetry.go:361.2,362.12 2 0
github.com/yanolja/ogem/monitoring/opentelemetry.go:366.110,369.21 2 0
github.com/yanolja/ogem/monitoring/opentelemetry.go:369.21,371.3 1 0
github.com/yanolja/ogem/monitoring/opentelemetry.go:375.105,378.33 2 0
github.com/yanolja/ogem/monitoring/opentelemetry.go:378.33,380.3 1 0
github.com/yanolja/ogem/monitoring/opentelemetry.go:382.2,382.14 1 0
github.com/yanolja/ogem/monitoring/opentelemetry.go:386.84,391.2 3 0
github.com/yanolja/ogem/monitoring/opentelemetry.go:394.132,396.32 2 0
github.com/yanolja/ogem/monitoring/opentelemetry.go:396.32,398.3 1 0
github.com/yanolja/ogem/monitoring/opentelemetry.go:400.2,401.18 2 0
github.com/yanolja/ogem/monitoring/opentelemetry.go:405.104,407.17 2 0
github.com/yanolja/ogem/monitoring/opentelemetry.go:407.17,409.33 2 0
github.com/yanolja/ogem/monitoring/opentelemetry.go:409.33,411.4 1 0
github.com/yanolja/ogem/monitoring/opentelemetry.go:412.3,412.58 1 0
github.com/yanolja/ogem/monitoring/opentelemetry.go:417.77,419.17 2 0
github.com/yanolja/ogem/monitoring/opentelemetry.go:419.17,422.3 2 0
github.com/yanolja/ogem/monitoring/opentelemetry.go:426.46,431.56 3 0
github.com/yanolja/ogem/monitoring/opentelemetry.go:431.56,433.3 1 0
github.com/yanolja/ogem/monitoring/opentelemetry.go:436.2,436.57 1 0
github.com/yanolja/ogem/monitoring/opentelemetry.go:436.57,438.3 1 0
github.com/yanolja/ogem/monitoring/opentelemetry.go:440.2,440.12 1 0
github.com/yanolja/ogem/monitoring/opentelemetry.go:444.46,449.54 3 0
github.com/yanolja/ogem/monitoring/opentelemetry.go:449.54,451.3 1 0
github.com/yanolja/ogem/monitoring/opentelemetry.go:454.2,454.55 1 0
github.com/yanolja/ogem/monitoring/opentelemetry.go:454.55,456.3 1 0
github.com/yanolja/ogem/monitoring/opentelemetry.go:458.2,458.12 1 0
github.com/yanolja/ogem/monitoring/prometheus.go:37.108,48.47 3 25
github.com/yanolja/ogem/monitoring/prometheus.go:48.47,50.3 1 0
github.com/yanolja/ogem/monitoring/prometheus.go:52.2,52.16 1 25
github.com/yanolja/ogem/monitoring/prometheus.go:56.55,170.39 13 25
github.com/yanolja/ogem/monitoring/prometheus.go:170.39,171.56 1 225
github.com/yanolja/ogem/monitoring/prometheus.go:171.56,173.4 1 0
github.com/yanolja/ogem/monitoring/prometheus.go:176.2,176.12 1 25
github.com/yanolja/ogem/monitoring/prometheus.go:180.64,181.21 1 1015
github.com/yanolja/ogem/monitoring/prometheus.go:182.25,183.33 1 1005
github.com/yanolja/ogem/monitoring/prometheus.go:184.23,185.31 1 6
github.com/yanolja/ogem/monitoring/prometheus.go:186.27,187.35 1 2
github.com/yanolja/ogem/monitoring/prometheus.go:188.25,189.33 1 1
github.com/yanolja/ogem/monitoring/prometheus.go:190.10,191.64 1 1
github.com/yanolja/ogem/monitoring/prometheus.go:196.65,198.63 1 1005
github.com/yanolja/ogem/monitoring/prometheus.go:198.63,199.60 1 1000
github.com/yanolja/ogem/monitoring/prometheus.go:199.60,202.4 2 1000
github.com/yanolja/ogem/monitoring/prometheus.go:206.2,216.53 2 5
github.com/yanolja/ogem/monitoring/prometheus.go:216.53,218.3 1 1
github.com/yanolja/ogem/monitoring/prometheus.go:220.2,223.12 3 4
github.com/yanolja/ogem/monitoring/prometheus.go:227.63,229.63 1 6
github.com/yanolja/ogem/monitoring/prometheus.go:229.63,230.56 1 0
github.com/yanolja/ogem/monitoring/prometheus.go:230.56,233.4 2 0
github.com/yanolja/ogem/monitoring/prometheus.go:237.2,247.51 2 6
github.com/yanolja/ogem/monitoring/prometheus.go:247.51,249.3 1 0
github.com/yanolja/ogem/monitoring/prometheus.go:251.2,254.12 3 6
github.com/yanolja/ogem/monitoring/prometheus.go:258.67,260.63 1 2
github.com/yanolja/ogem/monitoring/prometheus.go:260.63,261.64 1 0
github.com/yanolja/ogem/monitoring/prometheus.go:261.64,264.4 2 0
github.com/yanolja/ogem/monitoring/prometheus.go:268.2,279.55 2 2
github.com/yanolja/ogem/monitoring/prometheus.go:279.55,281.3 1 0
github.com/yanolja/ogem/monitoring/prometheus.go:283.2,286.12 3 2
github.com/yanolja/ogem/monitoring/prometheus.go:290.65,292.63 1 1
github.com/yanolja/ogem/monitoring/prometheus.go:292.63,293.60 1 0
github.com/yanolja/ogem/monitoring/prometheus.go:293.60,296.4 2 0
github.com/yanolja/ogem/monitoring/prometheus.go:300.2,310.53 2 1
github.com/yanolja/ogem/monitoring/prometheus.go:310.53,312.3 1 0
github.com/yanolja/ogem/monitoring/prometheus.go:314.2,317.12 3 1
github.com/yanolja/ogem/monitoring/prometheus.go:321.81,352.29 6 1008
github.com/yanolja/ogem/monitoring/prometheus.go:352.29,354.33 2 5
github.com/yanolja/ogem/monitoring/prometheus.go:354.33,356.4 1 20
github.com/yanolja/ogem/monitoring/prometheus.go:357.3,358.68 2 5
github.com/yanolja/ogem/monitoring/prometheus.go:361.2,361.30 1 1008
github.com/yanolja/ogem/monitoring/prometheus.go:361.30,363.33 2 5
github.com/yanolja/ogem/monitoring/prometheus.go:363.33,365.4 1 20
github.com/yanolja/ogem/monitoring/prometheus.go:366.3,367.70 2 5
github.com/yanolja/ogem/monitoring/prometheus.go:370.2,370.29 1 1008
github.com/yanolja/ogem/monitoring/prometheus.go:370.29,372.33 2 5
github.com/yanolja/ogem/monitoring/prometheus.go:372.33,374.4 1 20
github.com/yanolja/ogem/monitoring/prometheus.go:375.3,376.68 2 5
github.com/yanolja/ogem/monitoring/prometheus.go:380.2,380.22 1 1008
github.com/yanolja/ogem/monitoring/prometheus.go:380.22,382.3 1 5
github.com/yanolja/ogem/monitoring/prometheus.go:385.2,392.28 3 1008
github.com/yanolja/ogem/monitoring/prometheus.go:392.28,398.3 2 1007
github.com/yanolja/ogem/monitoring/prometheus.go:400.2,400.12 1 1008
github.com/yanolja/ogem/monitoring/prometheus.go:404.90,414.2 3 8
github.com/yanolja/ogem/monitoring/prometheus.go:417.107,420.21 2 3
github.com/yanolja/ogem/monitoring/prometheus.go:420.21,423.3 1 3
github.com/yanolja/ogem/monitoring/prometheus.go:427.55,429.2 1 2
github.com/yanolja/ogem/monitoring/prometheus.go:432.81,435.2 2 4
github.com/yanolja/ogem/monitoring/prometheus.go:438.43,440.2 1 3
github.com/yanolja/ogem/monitoring/prometheus.go:443.43,445.2 1 3
github.com/yanolja/ogem/monitoring/prometheus.go:450.55,452.27 2 17
github.com/yanolja/ogem/monitoring/prometheus.go:452.27,454.3 1 14
github.com/yanolja/ogem/monitoring/prometheus.go:455.2,455.14 1 17
github.com/yanolja/ogem/monitoring/prometheus.go:459.60,460.19 1 29
github.com/yanolja/ogem/monitoring/prometheus.go:460.19,462.3 1 4
github.com/yanolja/ogem/monitoring/prometheus.go:463.2,463.20 1 25
